<?xml version="1.0" encoding="UTF-8"?>
<coverage generated="1779049566311" clover="3.2.0">
  <project timestamp="1779049566311" name="All files">
    <metrics statements="360" coveredstatements="342" conditionals="159" coveredconditionals="144" methods="120" coveredmethods="114" elements="639" coveredelements="600" complexity="0" loc="360" ncloc="360" packages="18" files="27" classes="27"/>
    <package name="category.application.use-cases.common">
      <metrics statements="3" coveredstatements="3" conditionals="0" coveredconditionals="0" methods="1" coveredmethods="1"/>
      <file name="category-output.ts" path="/home/node/app/src/category/application/use-cases/common/category-output.ts">
        <metrics statements="3" coveredstatements="3" conditionals="0" coveredconditionals="0" methods="1" coveredmethods="1"/>
        <line num="11" count="47" type="stmt"/>
        <line num="13" count="53" type="stmt"/>
        <line num="14" count="53" type="stmt"/>
      </file>
    </package>
    <package name="category.application.use-cases.create-category">
      <metrics statements="10" coveredstatements="10" conditionals="2" coveredconditionals="2" methods="2" coveredmethods="2"/>
      <file name="create-category.use-case.ts" path="/home/node/app/src/category/application/use-cases/create-category/create-category.use-case.ts">
        <metrics statements="10" coveredstatements="10" conditionals="2" coveredconditionals="2" methods="2" coveredmethods="2"/>
        <line num="2" count="2" type="stmt"/>
        <line num="3" count="2" type="stmt"/>
        <line num="5" count="2" type="stmt"/>
        <line num="8" count="3" type="stmt"/>
        <line num="11" count="3" type="stmt"/>
        <line num="14" count="7" type="stmt"/>
        <line num="16" count="7" type="cond" truecount="2" falsecount="0"/>
        <line num="17" count="1" type="stmt"/>
        <line num="20" count="6" type="stmt"/>
        <line num="22" count="6" type="stmt"/>
      </file>
    </package>
    <package name="category.application.use-cases.delete-category">
      <metrics statements="5" coveredstatements="5" conditionals="0" coveredconditionals="0" methods="2" coveredmethods="2"/>
      <file name="delete-category.use-case.ts" path="/home/node/app/src/category/application/use-cases/delete-category/delete-category.use-case.ts">
        <metrics statements="5" coveredstatements="5" conditionals="0" coveredconditionals="0" methods="2" coveredmethods="2"/>
        <line num="2" count="2" type="stmt"/>
        <line num="5" count="4" type="stmt"/>
        <line num="8" count="4" type="stmt"/>
        <line num="11" count="5" type="stmt"/>
        <line num="12" count="4" type="stmt"/>
      </file>
    </package>
    <package name="category.application.use-cases.get-category">
      <metrics statements="11" coveredstatements="11" conditionals="2" coveredconditionals="2" methods="2" coveredmethods="2"/>
      <file name="get-category.use-case.ts" path="/home/node/app/src/category/application/use-cases/get-category/get-category.use-case.ts">
        <metrics statements="11" coveredstatements="11" conditionals="2" coveredconditionals="2" methods="2" coveredmethods="2"/>
        <line num="2" count="2" type="stmt"/>
        <line num="3" count="2" type="stmt"/>
        <line num="4" count="2" type="stmt"/>
        <line num="6" count="2" type="stmt"/>
        <line num="8" count="4" type="stmt"/>
        <line num="11" count="4" type="stmt"/>
        <line num="14" count="5" type="stmt"/>
        <line num="15" count="4" type="stmt"/>
        <line num="16" count="4" type="cond" truecount="2" falsecount="0"/>
        <line num="17" count="2" type="stmt"/>
        <line num="20" count="2" type="stmt"/>
      </file>
    </package>
    <package name="category.application.use-cases.list-categories">
      <metrics statements="12" coveredstatements="12" conditionals="0" coveredconditionals="0" methods="4" coveredmethods="4"/>
      <file name="list-categories.use-case.ts" path="/home/node/app/src/category/application/use-cases/list-categories/list-categories.use-case.ts">
        <metrics statements="12" coveredstatements="12" conditionals="0" coveredconditionals="0" methods="4" coveredmethods="4"/>
        <line num="4" count="2" type="stmt"/>
        <line num="12" count="2" type="stmt"/>
        <line num="13" count="2" type="stmt"/>
        <line num="15" count="5" type="stmt"/>
        <line num="18" count="5" type="stmt"/>
        <line num="21" count="8" type="stmt"/>
        <line num="22" count="8" type="stmt"/>
        <line num="23" count="8" type="stmt"/>
        <line num="27" count="10" type="stmt"/>
        <line num="28" count="10" type="stmt"/>
        <line num="29" count="15" type="stmt"/>
        <line num="31" count="10" type="stmt"/>
      </file>
    </package>
    <package name="category.application.use-cases.update-category">
      <metrics statements="22" coveredstatements="22" conditionals="12" coveredconditionals="12" methods="2" coveredmethods="2"/>
      <file name="update-category.use-case.ts" path="/home/node/app/src/category/application/use-cases/update-category/update-category.use-case.ts">
        <metrics statements="22" coveredstatements="22" conditionals="12" coveredconditionals="12" methods="2" coveredmethods="2"/>
        <line num="2" count="2" type="stmt"/>
        <line num="3" count="2" type="stmt"/>
        <line num="4" count="2" type="stmt"/>
        <line num="5" count="2" type="stmt"/>
        <line num="7" count="2" type="stmt"/>
        <line num="10" count="5" type="stmt"/>
        <line num="13" count="5" type="stmt"/>
        <line num="16" count="18" type="stmt"/>
        <line num="17" count="17" type="stmt"/>
        <line num="19" count="17" type="cond" truecount="2" falsecount="0"/>
        <line num="20" count="2" type="stmt"/>
        <line num="23" count="15" type="cond" truecount="2" falsecount="0"/>
        <line num="25" count="15" type="cond" truecount="2" falsecount="0"/>
        <line num="26" count="4" type="stmt"/>
        <line num="29" count="15" type="cond" truecount="2" falsecount="0"/>
        <line num="30" count="2" type="stmt"/>
        <line num="33" count="15" type="cond" truecount="2" falsecount="0"/>
        <line num="34" count="4" type="stmt"/>
        <line num="37" count="15" type="cond" truecount="2" falsecount="0"/>
        <line num="38" count="1" type="stmt"/>
        <line num="41" count="14" type="stmt"/>
        <line num="43" count="14" type="stmt"/>
      </file>
    </package>
    <package name="category.domain">
      <metrics statements="80" coveredstatements="78" conditionals="25" coveredconditionals="25" methods="35" coveredmethods="35"/>
      <file name="category-fake.builder.ts" path="/home/node/app/src/category/domain/category-fake.builder.ts">
        <metrics statements="43" coveredstatements="43" conditionals="15" coveredconditionals="15" methods="22" coveredmethods="22"/>
        <line num="1" count="16" type="stmt"/>
        <line num="2" count="16" type="stmt"/>
        <line num="7" count="44" type="stmt"/>
        <line num="9" count="37" type="stmt"/>
        <line num="11" count="37" type="stmt"/>
        <line num="13" count="37" type="stmt"/>
        <line num="14" count="42" type="stmt"/>
        <line num="16" count="77" type="stmt"/>
        <line num="18" count="37" type="stmt"/>
        <line num="23" count="29" type="stmt"/>
        <line num="27" count="8" type="stmt"/>
        <line num="33" count="37" type="stmt"/>
        <line num="34" count="37" type="stmt"/>
        <line num="38" count="6" type="stmt"/>
        <line num="39" count="6" type="stmt"/>
        <line num="43" count="22" type="stmt"/>
        <line num="44" count="22" type="stmt"/>
        <line num="48" count="8" type="stmt"/>
        <line num="49" count="8" type="stmt"/>
        <line num="53" count="1" type="stmt"/>
        <line num="54" count="1" type="stmt"/>
        <line num="58" count="3" type="stmt"/>
        <line num="59" count="3" type="stmt"/>
        <line num="63" count="13" type="stmt"/>
        <line num="64" count="13" type="stmt"/>
        <line num="68" count="2" type="cond" truecount="2" falsecount="0"/>
        <line num="69" count="2" type="stmt"/>
        <line num="73" count="41" type="stmt"/>
        <line num="76" count="80" type="stmt"/>
        <line num="87" count="80" type="stmt"/>
        <line num="88" count="80" type="stmt"/>
        <line num="90" count="41" type="cond" truecount="2" falsecount="0"/>
        <line num="94" count="2" type="stmt"/>
        <line num="98" count="1" type="stmt"/>
        <line num="102" count="1" type="stmt"/>
        <line num="106" count="2" type="stmt"/>
        <line num="110" count="2" type="stmt"/>
        <line num="114" count="8" type="stmt"/>
        <line num="115" count="8" type="stmt"/>
        <line num="116" count="8" type="cond" truecount="4" falsecount="0"/>
        <line num="117" count="2" type="stmt"/>
        <line num="121" count="6" type="stmt"/>
        <line num="125" count="300" type="cond" truecount="2" falsecount="0"/>
      </file>
      <file name="category.entity.ts" path="/home/node/app/src/category/domain/category.entity.ts">
        <metrics statements="24" coveredstatements="24" conditionals="8" coveredconditionals="8" methods="10" coveredmethods="10"/>
        <line num="1" count="16" type="stmt"/>
        <line num="4" count="16" type="stmt"/>
        <line num="5" count="16" type="stmt"/>
        <line num="6" count="16" type="stmt"/>
        <line num="22" count="276" type="stmt"/>
        <line num="30" count="194" type="stmt"/>
        <line num="31" count="194" type="cond" truecount="2" falsecount="0"/>
        <line num="32" count="194" type="stmt"/>
        <line num="33" count="194" type="cond" truecount="2" falsecount="0"/>
        <line num="34" count="194" type="cond" truecount="2" falsecount="0"/>
        <line num="35" count="194" type="cond" truecount="2" falsecount="0"/>
        <line num="39" count="24" type="stmt"/>
        <line num="43" count="19" type="stmt"/>
        <line num="45" count="19" type="stmt"/>
        <line num="46" count="19" type="stmt"/>
        <line num="50" count="18" type="stmt"/>
        <line num="51" count="18" type="stmt"/>
        <line num="55" count="5" type="stmt"/>
        <line num="59" count="3" type="stmt"/>
        <line num="63" count="5" type="stmt"/>
        <line num="67" count="177" type="stmt"/>
        <line num="68" count="177" type="stmt"/>
        <line num="72" count="25" type="stmt"/>
        <line num="76" count="106" type="stmt"/>
      </file>
      <file name="category.repository.ts" path="/home/node/app/src/category/domain/category.repository.ts">
        <metrics statements="4" coveredstatements="4" conditionals="0" coveredconditionals="0" methods="0" coveredmethods="0"/>
        <line num="2" count="7" type="stmt"/>
        <line num="3" count="7" type="stmt"/>
        <line num="10" count="18" type="stmt"/>
        <line num="12" count="25" type="stmt"/>
      </file>
      <file name="category.validator.ts" path="/home/node/app/src/category/domain/category.validator.ts">
        <metrics statements="9" coveredstatements="7" conditionals="2" coveredconditionals="2" methods="3" coveredmethods="3"/>
        <line num="3" count="16" type="stmt"/>
        <line num="5" count="16" type="stmt"/>
        <line num="9" count="0" type="stmt"/>
        <line num="14" count="177" type="stmt"/>
        <line num="18" count="0" type="stmt"/>
        <line num="20" count="177" type="cond" truecount="2" falsecount="0"/>
        <line num="21" count="177" type="stmt"/>
        <line num="25" count="177" type="stmt"/>
        <line num="27" count="177" type="stmt"/>
      </file>
    </package>
    <package name="category.infra.db.in-memory">
      <metrics statements="10" coveredstatements="10" conditionals="4" coveredconditionals="4" methods="4" coveredmethods="4"/>
      <file name="category-in-memory.repository.ts" path="/home/node/app/src/category/infra/db/in-memory/category-in-memory.repository.ts">
        <metrics statements="10" coveredstatements="10" conditionals="4" coveredconditionals="4" methods="4" coveredmethods="4"/>
        <line num="3" count="6" type="stmt"/>
        <line num="4" count="6" type="stmt"/>
        <line num="7" count="16" type="stmt"/>
        <line num="11" count="16" type="stmt"/>
        <line num="17" count="6" type="cond" truecount="2" falsecount="0"/>
        <line num="18" count="2" type="stmt"/>
        <line num="21" count="4" type="stmt"/>
        <line num="22" count="18" type="stmt"/>
        <line num="26" count="1" type="stmt"/>
        <line num="34" count="7" type="cond" truecount="2" falsecount="0"/>
      </file>
    </package>
    <package name="category.infra.db.sequelize">
      <metrics statements="49" coveredstatements="49" conditionals="16" coveredconditionals="15" methods="15" coveredmethods="15"/>
      <file name="category-model-mapper.ts" path="/home/node/app/src/category/infra/db/sequelize/category-model-mapper.ts">
        <metrics statements="11" coveredstatements="11" conditionals="2" coveredconditionals="2" methods="2" coveredmethods="2"/>
        <line num="1" count="7" type="stmt"/>
        <line num="2" count="7" type="stmt"/>
        <line num="3" count="7" type="stmt"/>
        <line num="4" count="7" type="stmt"/>
        <line num="6" count="123" type="stmt"/>
        <line num="8" count="62" type="stmt"/>
        <line num="18" count="60" type="stmt"/>
        <line num="26" count="60" type="stmt"/>
        <line num="27" count="60" type="cond" truecount="2" falsecount="0"/>
        <line num="28" count="1" type="stmt"/>
        <line num="30" count="59" type="stmt"/>
      </file>
      <file name="category-sequelize.repository.ts" path="/home/node/app/src/category/infra/db/sequelize/category-sequelize.repository.ts">
        <metrics statements="36" coveredstatements="36" conditionals="14" coveredconditionals="13" methods="13" coveredmethods="13"/>
        <line num="1" count="6" type="stmt"/>
        <line num="2" count="6" type="stmt"/>
        <line num="4" count="6" type="stmt"/>
        <line num="9" count="6" type="stmt"/>
        <line num="11" count="6" type="stmt"/>
        <line num="13" count="22" type="stmt"/>
        <line num="14" count="22" type="stmt"/>
        <line num="16" count="22" type="stmt"/>
        <line num="19" count="12" type="stmt"/>
        <line num="20" count="12" type="stmt"/>
        <line num="24" count="7" type="stmt"/>
        <line num="25" count="42" type="stmt"/>
        <line num="27" count="7" type="stmt"/>
        <line num="31" count="9" type="stmt"/>
        <line num="32" count="9" type="stmt"/>
        <line num="33" count="9" type="cond" truecount="2" falsecount="0"/>
        <line num="34" count="1" type="stmt"/>
        <line num="36" count="8" type="stmt"/>
        <line num="37" count="8" type="stmt"/>
        <line num="43" count="4" type="stmt"/>
        <line num="44" count="4" type="stmt"/>
        <line num="45" count="4" type="cond" truecount="2" falsecount="0"/>
        <line num="46" count="2" type="stmt"/>
        <line num="48" count="2" type="stmt"/>
        <line num="52" count="26" type="stmt"/>
        <line num="54" count="26" type="cond" truecount="2" falsecount="0"/>
        <line num="58" count="39" type="stmt"/>
        <line num="62" count="1" type="stmt"/>
        <line num="63" count="1" type="stmt"/>
        <line num="64" count="1" type="stmt"/>
        <line num="69" count="14" type="stmt"/>
        <line num="70" count="14" type="stmt"/>
        <line num="71" count="14" type="stmt"/>
        <line num="83" count="14" type="stmt"/>
        <line num="85" count="36" type="stmt"/>
        <line num="94" count="3" type="stmt"/>
      </file>
      <file name="category.model.ts" path="/home/node/app/src/category/infra/db/sequelize/category.model.ts">
        <metrics statements="2" coveredstatements="2" conditionals="0" coveredconditionals="0" methods="0" coveredmethods="0"/>
        <line num="7" count="8" type="stmt"/>
        <line num="18" count="98" type="stmt"/>
      </file>
    </package>
    <package name="shared.application">
      <metrics statements="2" coveredstatements="2" conditionals="0" coveredconditionals="0" methods="1" coveredmethods="1"/>
      <file name="pagination-output.ts" path="/home/node/app/src/shared/application/pagination-output.ts">
        <metrics statements="2" coveredstatements="2" conditionals="0" coveredconditionals="0" methods="1" coveredmethods="1"/>
        <line num="11" count="10" type="stmt"/>
        <line num="16" count="10" type="stmt"/>
      </file>
    </package>
    <package name="shared.domain">
      <metrics statements="10" coveredstatements="9" conditionals="6" coveredconditionals="5" methods="1" coveredmethods="1"/>
      <file name="entity.ts" path="/home/node/app/src/shared/domain/entity.ts">
        <metrics statements="3" coveredstatements="3" conditionals="0" coveredconditionals="0" methods="0" coveredmethods="0"/>
        <line num="1" count="19" type="stmt"/>
        <line num="4" count="19" type="stmt"/>
        <line num="6" count="239" type="stmt"/>
      </file>
      <file name="value-object.ts" path="/home/node/app/src/shared/domain/value-object.ts">
        <metrics statements="7" coveredstatements="6" conditionals="6" coveredconditionals="5" methods="1" coveredmethods="1"/>
        <line num="1" count="23" type="stmt"/>
        <line num="3" count="47" type="stmt"/>
        <line num="5" count="31" type="cond" truecount="4" falsecount="0"/>
        <line num="6" count="6" type="stmt"/>
        <line num="8" count="25" type="cond" truecount="1" falsecount="1"/>
        <line num="9" count="0" type="stmt"/>
        <line num="11" count="25" type="stmt"/>
      </file>
    </package>
    <package name="shared.domain.errors">
      <metrics statements="4" coveredstatements="4" conditionals="2" coveredconditionals="1" methods="1" coveredmethods="1"/>
      <file name="not-found.error.ts" path="/home/node/app/src/shared/domain/errors/not-found.error.ts">
        <metrics statements="4" coveredstatements="4" conditionals="2" coveredconditionals="1" methods="1" coveredmethods="1"/>
        <line num="3" count="28" type="stmt"/>
        <line num="8" count="28" type="cond" truecount="1" falsecount="1"/>
        <line num="9" count="28" type="stmt"/>
        <line num="10" count="28" type="stmt"/>
      </file>
    </package>
    <package name="shared.domain.repository">
      <metrics statements="39" coveredstatements="39" conditionals="42" coveredconditionals="42" methods="14" coveredmethods="14"/>
      <file name="search-params.ts" path="/home/node/app/src/shared/domain/repository/search-params.ts">
        <metrics statements="29" coveredstatements="29" conditionals="39" coveredconditionals="39" methods="11" coveredmethods="11"/>
        <line num="1" count="9" type="stmt"/>
        <line num="13" count="78" type="stmt"/>
        <line num="15" count="89" type="stmt"/>
        <line num="21" count="89" type="stmt"/>
        <line num="22" count="89" type="cond" truecount="2" falsecount="0"/>
        <line num="23" count="89" type="cond" truecount="2" falsecount="0"/>
        <line num="24" count="89" type="cond" truecount="2" falsecount="0"/>
        <line num="25" count="89" type="cond" truecount="2" falsecount="0"/>
        <line num="26" count="89" type="cond" truecount="2" falsecount="0"/>
        <line num="30" count="67" type="stmt"/>
        <line num="34" count="89" type="stmt"/>
        <line num="36" count="89" type="cond" truecount="5" falsecount="0"/>
        <line num="37" count="7" type="stmt"/>
        <line num="40" count="89" type="stmt"/>
        <line num="44" count="82" type="stmt"/>
        <line num="48" count="89" type="cond" truecount="2" falsecount="0"/>
        <line num="50" count="89" type="cond" truecount="2" falsecount="0"/>
        <line num="55" count="7" type="stmt"/>
        <line num="58" count="89" type="stmt"/>
        <line num="62" count="145" type="stmt"/>
        <line num="66" count="89" type="stmt"/>
        <line num="71" count="35" type="stmt"/>
        <line num="75" count="89" type="cond" truecount="2" falsecount="0"/>
        <line num="76" count="55" type="stmt"/>
        <line num="77" count="55" type="stmt"/>
        <line num="79" count="34" type="stmt"/>
        <line num="80" count="34" type="cond" truecount="4" falsecount="0"/>
        <line num="84" count="45" type="stmt"/>
        <line num="88" count="89" type="stmt"/>
      </file>
      <file name="search-result.ts" path="/home/node/app/src/shared/domain/repository/search-result.ts">
        <metrics statements="10" coveredstatements="10" conditionals="3" coveredconditionals="3" methods="3" coveredmethods="3"/>
        <line num="2" count="16" type="stmt"/>
        <line num="11" count="33" type="stmt"/>
        <line num="19" count="50" type="stmt"/>
        <line num="20" count="50" type="stmt"/>
        <line num="21" count="50" type="stmt"/>
        <line num="22" count="50" type="stmt"/>
        <line num="23" count="50" type="stmt"/>
        <line num="24" count="50" type="stmt"/>
        <line num="28" count="23" type="stmt"/>
        <line num="30" count="36" type="stmt"/>
      </file>
    </package>
    <package name="shared.domain.validators">
      <metrics statements="36" coveredstatements="23" conditionals="17" coveredconditionals="9" methods="12" coveredmethods="7"/>
      <file name="class-validator-fields.ts" path="/home/node/app/src/shared/domain/validators/class-validator-fields.ts">
        <metrics statements="9" coveredstatements="9" conditionals="2" coveredconditionals="2" methods="2" coveredmethods="2"/>
        <line num="1" count="16" type="stmt"/>
        <line num="5" count="16" type="stmt"/>
        <line num="7" count="177" type="stmt"/>
        <line num="10" count="177" type="cond" truecount="2" falsecount="0"/>
        <line num="11" count="5" type="stmt"/>
        <line num="12" count="5" type="stmt"/>
        <line num="13" count="5" type="stmt"/>
        <line num="14" count="5" type="stmt"/>
        <line num="18" count="177" type="stmt"/>
      </file>
      <file name="notification.ts" path="/home/node/app/src/shared/domain/validators/notification.ts">
        <metrics statements="23" coveredstatements="12" conditionals="14" coveredconditionals="6" methods="8" coveredmethods="4"/>
        <line num="1" count="239" type="stmt"/>
        <line num="2" count="239" type="stmt"/>
        <line num="5" count="5" type="cond" truecount="1" falsecount="1"/>
        <line num="6" count="5" type="cond" truecount="2" falsecount="0"/>
        <line num="7" count="5" type="cond" truecount="2" falsecount="0"/>
        <line num="8" count="5" type="stmt"/>
        <line num="10" count="0" type="stmt"/>
        <line num="15" count="0" type="cond" truecount="0" falsecount="2"/>
        <line num="16" count="0" type="cond" truecount="0" falsecount="2"/>
        <line num="18" count="0" type="cond" truecount="0" falsecount="2"/>
        <line num="19" count="0" type="stmt"/>
        <line num="20" count="0" type="stmt"/>
        <line num="22" count="0" type="stmt"/>
        <line num="24" count="0" type="stmt"/>
        <line num="29" count="91" type="stmt"/>
        <line num="33" count="0" type="stmt"/>
        <line num="34" count="0" type="stmt"/>
        <line num="39" count="3" type="stmt"/>
        <line num="40" count="3" type="stmt"/>
        <line num="41" count="3" type="cond" truecount="1" falsecount="1"/>
        <line num="42" count="0" type="stmt"/>
        <line num="44" count="3" type="stmt"/>
        <line num="47" count="3" type="stmt"/>
      </file>
      <file name="validation.error.ts" path="/home/node/app/src/shared/domain/validators/validation.error.ts">
        <metrics statements="4" coveredstatements="2" conditionals="1" coveredconditionals="1" methods="2" coveredmethods="1"/>
        <line num="3" count="0" type="stmt"/>
        <line num="5" count="4" type="stmt"/>
        <line num="7" count="3" type="stmt"/>
        <line num="11" count="0" type="stmt"/>
      </file>
    </package>
    <package name="shared.domain.value-objects">
      <metrics statements="13" coveredstatements="13" conditionals="6" coveredconditionals="6" methods="4" coveredmethods="4"/>
      <file name="uuid.vo.ts" path="/home/node/app/src/shared/domain/value-objects/uuid.vo.ts">
        <metrics statements="13" coveredstatements="13" conditionals="6" coveredconditionals="6" methods="4" coveredmethods="4"/>
        <line num="1" count="20" type="stmt"/>
        <line num="2" count="20" type="stmt"/>
        <line num="4" count="301" type="stmt"/>
        <line num="8" count="286" type="stmt"/>
        <line num="9" count="286" type="cond" truecount="2" falsecount="0"/>
        <line num="10" count="286" type="stmt"/>
        <line num="14" count="286" type="stmt"/>
        <line num="15" count="286" type="cond" truecount="2" falsecount="0"/>
        <line num="16" count="4" type="stmt"/>
        <line num="21" count="9" type="stmt"/>
        <line num="25" count="4" type="stmt"/>
        <line num="27" count="7" type="cond" truecount="2" falsecount="0"/>
        <line num="28" count="7" type="stmt"/>
      </file>
    </package>
    <package name="shared.infra">
      <metrics statements="9" coveredstatements="9" conditionals="2" coveredconditionals="2" methods="2" coveredmethods="2"/>
      <file name="config.ts" path="/home/node/app/src/shared/infra/config.ts">
        <metrics statements="9" coveredstatements="9" conditionals="2" coveredconditionals="2" methods="2" coveredmethods="2"/>
        <line num="1" count="8" type="stmt"/>
        <line num="2" count="8" type="stmt"/>
        <line num="4" count="9" type="stmt"/>
        <line num="5" count="8" type="stmt"/>
        <line num="8" count="9" type="stmt"/>
        <line num="10" count="9" type="stmt"/>
        <line num="18" count="9" type="cond" truecount="2" falsecount="0"/>
        <line num="19" count="1" type="stmt"/>
        <line num="22" count="8" type="stmt"/>
      </file>
    </package>
    <package name="shared.infra.db.in-memory">
      <metrics statements="36" coveredstatements="35" conditionals="22" coveredconditionals="19" methods="13" coveredmethods="13"/>
      <file name="in-memory.repository.ts" path="/home/node/app/src/shared/infra/db/in-memory/in-memory.repository.ts">
        <metrics statements="36" coveredstatements="35" conditionals="22" coveredconditionals="19" methods="13" coveredmethods="13"/>
        <line num="2" count="9" type="stmt"/>
        <line num="5" count="9" type="stmt"/>
        <line num="8" count="2" type="stmt"/>
        <line num="9" count="42" type="stmt"/>
        <line num="12" count="10" type="stmt"/>
        <line num="15" count="2" type="stmt"/>
        <line num="19" count="11" type="stmt"/>
        <line num="20" count="11" type="cond" truecount="2" falsecount="0"/>
        <line num="21" count="9" type="stmt"/>
        <line num="25" count="8" type="stmt"/>
        <line num="26" count="3" type="stmt"/>
        <line num="28" count="8" type="cond" truecount="2" falsecount="0"/>
        <line num="29" count="5" type="stmt"/>
        <line num="31" count="3" type="stmt"/>
        <line num="35" count="11" type="stmt"/>
        <line num="36" count="11" type="cond" truecount="2" falsecount="0"/>
        <line num="40" count="2" type="stmt"/>
        <line num="47" count="7" type="stmt"/>
        <line num="55" count="28" type="stmt"/>
        <line num="57" count="13" type="stmt"/>
        <line num="58" count="13" type="stmt"/>
        <line num="63" count="13" type="stmt"/>
        <line num="68" count="13" type="stmt"/>
        <line num="86" count="17" type="stmt"/>
        <line num="87" count="17" type="stmt"/>
        <line num="88" count="17" type="stmt"/>
        <line num="97" count="20" type="cond" truecount="4" falsecount="0"/>
        <line num="98" count="5" type="stmt"/>
        <line num="101" count="15" type="stmt"/>
        <line num="103" count="64" type="cond" truecount="1" falsecount="1"/>
        <line num="105" count="64" type="cond" truecount="1" falsecount="1"/>
        <line num="106" count="64" type="cond" truecount="2" falsecount="0"/>
        <line num="107" count="24" type="cond" truecount="2" falsecount="0"/>
        <line num="110" count="40" type="cond" truecount="1" falsecount="1"/>
        <line num="111" count="40" type="cond" truecount="2" falsecount="0"/>
        <line num="114" count="0" type="stmt"/>
      </file>
    </package>
    <package name="shared.infra.testing">
      <metrics statements="9" coveredstatements="8" conditionals="1" coveredconditionals="0" methods="5" coveredmethods="4"/>
      <file name="helpers.ts" path="/home/node/app/src/shared/infra/testing/helpers.ts">
        <metrics statements="9" coveredstatements="8" conditionals="1" coveredconditionals="0" methods="5" coveredmethods="4"/>
        <line num="1" count="7" type="stmt"/>
        <line num="2" count="7" type="stmt"/>
        <line num="4" count="7" type="cond" truecount="0" falsecount="1"/>
        <line num="7" count="7" type="stmt"/>
        <line num="8" count="7" type="stmt"/>
        <line num="14" count="24" type="stmt"/>
        <line num="16" count="7" type="stmt"/>
        <line num="18" count="7" type="stmt"/>
        <line num="20" count="0" type="stmt"/>
      </file>
    </package>
  </project>
</coverage>
