{"/home/node/app/src/category/application/use-cases/common/category-output.ts": {"path":"/home/node/app/src/category/application/use-cases/common/category-output.ts","statementMap":{"0":{"start":{"line":11,"column":13},"end":{"line":11,"column":null}},"1":{"start":{"line":13,"column":43},"end":{"line":13,"column":null}},"2":{"start":{"line":14,"column":4},"end":{"line":17,"column":null}}},"fnMap":{"0":{"name":"(anonymous_1)","decl":{"start":{"line":12,"column":2},"end":{"line":12,"column":9}},"loc":{"start":{"line":12,"column":52},"end":{"line":18,"column":null}}}},"branchMap":{},"s":{"0":47,"1":53,"2":53},"f":{"0":53},"b":{}}
,"/home/node/app/src/category/application/use-cases/create-category/create-category.use-case.ts": {"path":"/home/node/app/src/category/application/use-cases/create-category/create-category.use-case.ts","statementMap":{"0":{"start":{"line":8,"column":13},"end":{"line":8,"column":null}},"1":{"start":{"line":2,"column":38},"end":{"line":2,"column":null}},"2":{"start":{"line":3,"column":25},"end":{"line":3,"column":null}},"3":{"start":{"line":5,"column":53},"end":{"line":5,"column":null}},"4":{"start":{"line":11,"column":31},"end":{"line":11,"column":64}},"5":{"start":{"line":14,"column":19},"end":{"line":14,"column":null}},"6":{"start":{"line":16,"column":4},"end":{"line":18,"column":null}},"7":{"start":{"line":17,"column":6},"end":{"line":17,"column":null}},"8":{"start":{"line":20,"column":4},"end":{"line":20,"column":null}},"9":{"start":{"line":22,"column":4},"end":{"line":22,"column":null}}},"fnMap":{"0":{"name":"(anonymous_1)","decl":{"start":{"line":11,"column":2},"end":{"line":11,"column":14}},"loc":{"start":{"line":11,"column":66},"end":{"line":11,"column":null}}},"1":{"name":"(anonymous_2)","decl":{"start":{"line":13,"column":2},"end":{"line":13,"column":8}},"loc":{"start":{"line":13,"column":75},"end":{"line":23,"column":null}}}},"branchMap":{"0":{"loc":{"start":{"line":16,"column":4},"end":{"line":18,"column":null}},"type":"if","locations":[{"start":{"line":16,"column":4},"end":{"line":18,"column":null}},{"start":{},"end":{}}]}},"s":{"0":3,"1":2,"2":2,"3":2,"4":3,"5":7,"6":7,"7":1,"8":6,"9":6},"f":{"0":3,"1":7},"b":{"0":[1,6]}}
,"/home/node/app/src/category/application/use-cases/delete-category/delete-category.use-case.ts": {"path":"/home/node/app/src/category/application/use-cases/delete-category/delete-category.use-case.ts","statementMap":{"0":{"start":{"line":5,"column":13},"end":{"line":5,"column":null}},"1":{"start":{"line":2,"column":21},"end":{"line":2,"column":null}},"2":{"start":{"line":8,"column":22},"end":{"line":8,"column":55}},"3":{"start":{"line":11,"column":17},"end":{"line":11,"column":null}},"4":{"start":{"line":12,"column":4},"end":{"line":12,"column":null}}},"fnMap":{"0":{"name":"(anonymous_1)","decl":{"start":{"line":8,"column":2},"end":{"line":8,"column":14}},"loc":{"start":{"line":8,"column":57},"end":{"line":8,"column":null}}},"1":{"name":"(anonymous_2)","decl":{"start":{"line":10,"column":2},"end":{"line":10,"column":8}},"loc":{"start":{"line":10,"column":75},"end":{"line":13,"column":null}}}},"branchMap":{},"s":{"0":4,"1":2,"2":4,"3":5,"4":4},"f":{"0":4,"1":5},"b":{}}
,"/home/node/app/src/category/application/use-cases/get-category/get-category.use-case.ts": {"path":"/home/node/app/src/category/application/use-cases/get-category/get-category.use-case.ts","statementMap":{"0":{"start":{"line":8,"column":13},"end":{"line":8,"column":null}},"1":{"start":{"line":2,"column":30},"end":{"line":2,"column":null}},"2":{"start":{"line":3,"column":21},"end":{"line":3,"column":null}},"3":{"start":{"line":4,"column":25},"end":{"line":4,"column":null}},"4":{"start":{"line":6,"column":53},"end":{"line":6,"column":null}},"5":{"start":{"line":11,"column":22},"end":{"line":11,"column":55}},"6":{"start":{"line":14,"column":17},"end":{"line":14,"column":null}},"7":{"start":{"line":15,"column":21},"end":{"line":15,"column":null}},"8":{"start":{"line":16,"column":4},"end":{"line":18,"column":null}},"9":{"start":{"line":17,"column":6},"end":{"line":17,"column":null}},"10":{"start":{"line":20,"column":4},"end":{"line":20,"column":null}}},"fnMap":{"0":{"name":"(anonymous_1)","decl":{"start":{"line":11,"column":2},"end":{"line":11,"column":14}},"loc":{"start":{"line":11,"column":57},"end":{"line":11,"column":null}}},"1":{"name":"(anonymous_2)","decl":{"start":{"line":13,"column":2},"end":{"line":13,"column":8}},"loc":{"start":{"line":13,"column":69},"end":{"line":21,"column":null}}}},"branchMap":{"0":{"loc":{"start":{"line":16,"column":4},"end":{"line":18,"column":null}},"type":"if","locations":[{"start":{"line":16,"column":4},"end":{"line":18,"column":null}},{"start":{},"end":{}}]}},"s":{"0":4,"1":2,"2":2,"3":2,"4":2,"5":4,"6":5,"7":4,"8":4,"9":2,"10":2},"f":{"0":4,"1":5},"b":{"0":[2,2]}}
,"/home/node/app/src/category/application/use-cases/list-categories/list-categories.use-case.ts": {"path":"/home/node/app/src/category/application/use-cases/list-categories/list-categories.use-case.ts","statementMap":{"0":{"start":{"line":15,"column":13},"end":{"line":15,"column":null}},"1":{"start":{"line":4,"column":7},"end":{"line":4,"column":null}},"2":{"start":{"line":12,"column":7},"end":{"line":12,"column":null}},"3":{"start":{"line":13,"column":53},"end":{"line":13,"column":null}},"4":{"start":{"line":18,"column":22},"end":{"line":18,"column":55}},"5":{"start":{"line":21,"column":19},"end":{"line":21,"column":null}},"6":{"start":{"line":22,"column":25},"end":{"line":22,"column":null}},"7":{"start":{"line":23,"column":4},"end":{"line":23,"column":null}},"8":{"start":{"line":27,"column":30},"end":{"line":27,"column":null}},"9":{"start":{"line":28,"column":18},"end":{"line":30,"column":null}},"10":{"start":{"line":29,"column":6},"end":{"line":29,"column":null}},"11":{"start":{"line":31,"column":4},"end":{"line":31,"column":null}}},"fnMap":{"0":{"name":"(anonymous_1)","decl":{"start":{"line":18,"column":2},"end":{"line":18,"column":14}},"loc":{"start":{"line":18,"column":57},"end":{"line":18,"column":null}}},"1":{"name":"(anonymous_2)","decl":{"start":{"line":20,"column":2},"end":{"line":20,"column":8}},"loc":{"start":{"line":20,"column":75},"end":{"line":24,"column":null}}},"2":{"name":"(anonymous_3)","decl":{"start":{"line":26,"column":10},"end":{"line":26,"column":19}},"loc":{"start":{"line":26,"column":77},"end":{"line":32,"column":null}}},"3":{"name":"(anonymous_4)","decl":{"start":{"line":28,"column":29},"end":{"line":28,"column":30}},"loc":{"start":{"line":28,"column":30},"end":{"line":30,"column":null}}}},"branchMap":{},"s":{"0":5,"1":2,"2":2,"3":2,"4":5,"5":8,"6":8,"7":8,"8":10,"9":10,"10":15,"11":10},"f":{"0":5,"1":8,"2":10,"3":15},"b":{}}
,"/home/node/app/src/category/application/use-cases/update-category/update-category.use-case.ts": {"path":"/home/node/app/src/category/application/use-cases/update-category/update-category.use-case.ts","statementMap":{"0":{"start":{"line":10,"column":13},"end":{"line":10,"column":null}},"1":{"start":{"line":2,"column":30},"end":{"line":2,"column":null}},"2":{"start":{"line":3,"column":38},"end":{"line":3,"column":null}},"3":{"start":{"line":4,"column":21},"end":{"line":4,"column":null}},"4":{"start":{"line":5,"column":25},"end":{"line":5,"column":null}},"5":{"start":{"line":7,"column":53},"end":{"line":7,"column":null}},"6":{"start":{"line":13,"column":22},"end":{"line":13,"column":55}},"7":{"start":{"line":16,"column":17},"end":{"line":16,"column":null}},"8":{"start":{"line":17,"column":21},"end":{"line":17,"column":null}},"9":{"start":{"line":19,"column":4},"end":{"line":21,"column":null}},"10":{"start":{"line":20,"column":6},"end":{"line":20,"column":null}},"11":{"start":{"line":23,"column":4},"end":{"line":23,"column":null}},"12":{"start":{"line":25,"column":4},"end":{"line":27,"column":null}},"13":{"start":{"line":26,"column":6},"end":{"line":26,"column":null}},"14":{"start":{"line":29,"column":4},"end":{"line":31,"column":null}},"15":{"start":{"line":30,"column":6},"end":{"line":30,"column":null}},"16":{"start":{"line":33,"column":4},"end":{"line":35,"column":null}},"17":{"start":{"line":34,"column":6},"end":{"line":34,"column":null}},"18":{"start":{"line":37,"column":4},"end":{"line":39,"column":null}},"19":{"start":{"line":38,"column":6},"end":{"line":38,"column":null}},"20":{"start":{"line":41,"column":4},"end":{"line":41,"column":null}},"21":{"start":{"line":43,"column":4},"end":{"line":43,"column":null}}},"fnMap":{"0":{"name":"(anonymous_1)","decl":{"start":{"line":13,"column":2},"end":{"line":13,"column":14}},"loc":{"start":{"line":13,"column":57},"end":{"line":13,"column":null}}},"1":{"name":"(anonymous_2)","decl":{"start":{"line":15,"column":2},"end":{"line":15,"column":8}},"loc":{"start":{"line":15,"column":75},"end":{"line":44,"column":null}}}},"branchMap":{"0":{"loc":{"start":{"line":19,"column":4},"end":{"line":21,"column":null}},"type":"if","locations":[{"start":{"line":19,"column":4},"end":{"line":21,"column":null}},{"start":{},"end":{}}]},"1":{"loc":{"start":{"line":23,"column":4},"end":{"line":23,"column":null}},"type":"binary-expr","locations":[{"start":{"line":23,"column":4},"end":{"line":23,"column":14}},{"start":{"line":23,"column":18},"end":{"line":23,"column":null}}]},"2":{"loc":{"start":{"line":25,"column":4},"end":{"line":27,"column":null}},"type":"if","locations":[{"start":{"line":25,"column":4},"end":{"line":27,"column":null}},{"start":{},"end":{}}]},"3":{"loc":{"start":{"line":29,"column":4},"end":{"line":31,"column":null}},"type":"if","locations":[{"start":{"line":29,"column":4},"end":{"line":31,"column":null}},{"start":{},"end":{}}]},"4":{"loc":{"start":{"line":33,"column":4},"end":{"line":35,"column":null}},"type":"if","locations":[{"start":{"line":33,"column":4},"end":{"line":35,"column":null}},{"start":{},"end":{}}]},"5":{"loc":{"start":{"line":37,"column":4},"end":{"line":39,"column":null}},"type":"if","locations":[{"start":{"line":37,"column":4},"end":{"line":39,"column":null}},{"start":{},"end":{}}]}},"s":{"0":5,"1":2,"2":2,"3":2,"4":2,"5":2,"6":5,"7":18,"8":17,"9":17,"10":2,"11":15,"12":15,"13":4,"14":15,"15":2,"16":15,"17":4,"18":15,"19":1,"20":14,"21":14},"f":{"0":5,"1":18},"b":{"0":[2,15],"1":[15,15],"2":[4,11],"3":[2,13],"4":[4,11],"5":[1,14]}}
,"/home/node/app/src/category/domain/category-fake.builder.ts": {"path":"/home/node/app/src/category/domain/category-fake.builder.ts","statementMap":{"0":{"start":{"line":7,"column":13},"end":{"line":7,"column":null}},"1":{"start":{"line":1,"column":23},"end":{"line":1,"column":null}},"2":{"start":{"line":2,"column":25},"end":{"line":2,"column":null}},"3":{"start":{"line":9,"column":58},"end":{"line":9,"column":68}},"4":{"start":{"line":11,"column":41},"end":{"line":11,"column":72}},"5":{"start":{"line":11,"column":53},"end":{"line":11,"column":72}},"6":{"start":{"line":13,"column":55},"end":{"line":14,"column":28}},"7":{"start":{"line":14,"column":4},"end":{"line":14,"column":28}},"8":{"start":{"line":16,"column":47},"end":{"line":16,"column":64}},"9":{"start":{"line":16,"column":59},"end":{"line":16,"column":64}},"10":{"start":{"line":18,"column":57},"end":{"line":18,"column":67}},"11":{"start":{"line":23,"column":4},"end":{"line":23,"column":null}},"12":{"start":{"line":27,"column":4},"end":{"line":27,"column":null}},"13":{"start":{"line":33,"column":4},"end":{"line":33,"column":null}},"14":{"start":{"line":34,"column":4},"end":{"line":34,"column":null}},"15":{"start":{"line":38,"column":4},"end":{"line":38,"column":null}},"16":{"start":{"line":39,"column":4},"end":{"line":39,"column":null}},"17":{"start":{"line":43,"column":4},"end":{"line":43,"column":null}},"18":{"start":{"line":44,"column":4},"end":{"line":44,"column":null}},"19":{"start":{"line":48,"column":4},"end":{"line":48,"column":null}},"20":{"start":{"line":49,"column":4},"end":{"line":49,"column":null}},"21":{"start":{"line":53,"column":4},"end":{"line":53,"column":null}},"22":{"start":{"line":54,"column":4},"end":{"line":54,"column":null}},"23":{"start":{"line":58,"column":4},"end":{"line":58,"column":null}},"24":{"start":{"line":59,"column":4},"end":{"line":59,"column":null}},"25":{"start":{"line":63,"column":4},"end":{"line":63,"column":null}},"26":{"start":{"line":64,"column":4},"end":{"line":64,"column":null}},"27":{"start":{"line":68,"column":4},"end":{"line":68,"column":null}},"28":{"start":{"line":69,"column":4},"end":{"line":69,"column":null}},"29":{"start":{"line":73,"column":23},"end":{"line":89,"column":null}},"30":{"start":{"line":76,"column":25},"end":{"line":86,"column":null}},"31":{"start":{"line":87,"column":8},"end":{"line":87,"column":null}},"32":{"start":{"line":88,"column":8},"end":{"line":88,"column":null}},"33":{"start":{"line":90,"column":4},"end":{"line":90,"column":null}},"34":{"start":{"line":94,"column":4},"end":{"line":94,"column":null}},"35":{"start":{"line":98,"column":4},"end":{"line":98,"column":null}},"36":{"start":{"line":102,"column":4},"end":{"line":102,"column":null}},"37":{"start":{"line":106,"column":4},"end":{"line":106,"column":null}},"38":{"start":{"line":110,"column":4},"end":{"line":110,"column":null}},"39":{"start":{"line":114,"column":21},"end":{"line":114,"column":null}},"40":{"start":{"line":115,"column":24},"end":{"line":115,"column":34}},"41":{"start":{"line":116,"column":4},"end":{"line":120,"column":null}},"42":{"start":{"line":117,"column":6},"end":{"line":118,"column":null}},"43":{"start":{"line":121,"column":4},"end":{"line":121,"column":null}},"44":{"start":{"line":125,"column":4},"end":{"line":127,"column":null}}},"fnMap":{"0":{"name":"(anonymous_1)","decl":{"start":{"line":11,"column":41},"end":{"line":11,"column":42}},"loc":{"start":{"line":11,"column":53},"end":{"line":11,"column":72}}},"1":{"name":"(anonymous_2)","decl":{"start":{"line":13,"column":55},"end":{"line":13,"column":56}},"loc":{"start":{"line":14,"column":4},"end":{"line":14,"column":28}}},"2":{"name":"(anonymous_3)","decl":{"start":{"line":16,"column":47},"end":{"line":16,"column":48}},"loc":{"start":{"line":16,"column":59},"end":{"line":16,"column":64}}},"3":{"name":"(anonymous_4)","decl":{"start":{"line":22,"column":2},"end":{"line":22,"column":9}},"loc":{"start":{"line":22,"column":21},"end":{"line":24,"column":null}}},"4":{"name":"(anonymous_5)","decl":{"start":{"line":26,"column":2},"end":{"line":26,"column":9}},"loc":{"start":{"line":26,"column":42},"end":{"line":28,"column":null}}},"5":{"name":"(anonymous_6)","decl":{"start":{"line":32,"column":2},"end":{"line":32,"column":22}},"loc":{"start":{"line":32,"column":45},"end":{"line":35,"column":null}}},"6":{"name":"(anonymous_7)","decl":{"start":{"line":37,"column":2},"end":{"line":37,"column":11}},"loc":{"start":{"line":37,"column":48},"end":{"line":40,"column":null}}},"7":{"name":"(anonymous_8)","decl":{"start":{"line":42,"column":2},"end":{"line":42,"column":11}},"loc":{"start":{"line":42,"column":50},"end":{"line":45,"column":null}}},"8":{"name":"(anonymous_9)","decl":{"start":{"line":47,"column":2},"end":{"line":47,"column":18}},"loc":{"start":{"line":47,"column":64},"end":{"line":50,"column":null}}},"9":{"name":"(anonymous_10)","decl":{"start":{"line":52,"column":2},"end":{"line":52,"column":13}},"loc":{"start":{"line":52,"column":13},"end":{"line":55,"column":null}}},"10":{"name":"(anonymous_11)","decl":{"start":{"line":57,"column":2},"end":{"line":57,"column":15}},"loc":{"start":{"line":57,"column":15},"end":{"line":60,"column":null}}},"11":{"name":"(anonymous_12)","decl":{"start":{"line":62,"column":2},"end":{"line":62,"column":16}},"loc":{"start":{"line":62,"column":53},"end":{"line":65,"column":null}}},"12":{"name":"(anonymous_13)","decl":{"start":{"line":67,"column":2},"end":{"line":67,"column":25}},"loc":{"start":{"line":67,"column":41},"end":{"line":70,"column":null}}},"13":{"name":"(anonymous_14)","decl":{"start":{"line":72,"column":2},"end":{"line":72,"column":18}},"loc":{"start":{"line":72,"column":18},"end":{"line":91,"column":null}}},"14":{"name":"(anonymous_15)","decl":{"start":{"line":75,"column":11},"end":{"line":75,"column":12}},"loc":{"start":{"line":75,"column":15},"end":{"line":89,"column":null}}},"15":{"name":"(anonymous_16)","decl":{"start":{"line":93,"column":2},"end":{"line":93,"column":6}},"loc":{"start":{"line":93,"column":20},"end":{"line":95,"column":null}}},"16":{"name":"(anonymous_17)","decl":{"start":{"line":97,"column":2},"end":{"line":97,"column":6}},"loc":{"start":{"line":97,"column":13},"end":{"line":99,"column":null}}},"17":{"name":"(anonymous_18)","decl":{"start":{"line":101,"column":2},"end":{"line":101,"column":6}},"loc":{"start":{"line":101,"column":20},"end":{"line":103,"column":null}}},"18":{"name":"(anonymous_19)","decl":{"start":{"line":105,"column":2},"end":{"line":105,"column":6}},"loc":{"start":{"line":105,"column":18},"end":{"line":107,"column":null}}},"19":{"name":"(anonymous_20)","decl":{"start":{"line":109,"column":2},"end":{"line":109,"column":6}},"loc":{"start":{"line":109,"column":19},"end":{"line":111,"column":null}}},"20":{"name":"(anonymous_21)","decl":{"start":{"line":113,"column":10},"end":{"line":113,"column":19}},"loc":{"start":{"line":113,"column":30},"end":{"line":122,"column":null}}},"21":{"name":"(anonymous_22)","decl":{"start":{"line":124,"column":10},"end":{"line":124,"column":22}},"loc":{"start":{"line":124,"column":73},"end":{"line":128,"column":null}}}},"branchMap":{"0":{"loc":{"start":{"line":32,"column":22},"end":{"line":32,"column":43}},"type":"default-arg","locations":[{"start":{"line":32,"column":42},"end":{"line":32,"column":43}}]},"1":{"loc":{"start":{"line":68,"column":17},"end":{"line":68,"column":null}},"type":"binary-expr","locations":[{"start":{"line":68,"column":17},"end":{"line":68,"column":26}},{"start":{"line":68,"column":26},"end":{"line":68,"column":null}}]},"2":{"loc":{"start":{"line":77,"column":23},"end":{"line":79,"column":null}},"type":"cond-expr","locations":[{"start":{"line":78,"column":14},"end":{"line":78,"column":null}},{"start":{"line":79,"column":14},"end":{"line":79,"column":null}}]},"3":{"loc":{"start":{"line":83,"column":14},"end":{"line":85,"column":11}},"type":"binary-expr","locations":[{"start":{"line":83,"column":14},"end":{"line":83,"column":30}},{"start":{"line":83,"column":34},"end":{"line":85,"column":11}}]},"4":{"loc":{"start":{"line":90,"column":12},"end":{"line":90,"column":null}},"type":"cond-expr","locations":[{"start":{"line":90,"column":35},"end":{"line":90,"column":48}},{"start":{"line":90,"column":52},"end":{"line":90,"column":null}}]},"5":{"loc":{"start":{"line":116,"column":4},"end":{"line":120,"column":null}},"type":"if","locations":[{"start":{"line":116,"column":4},"end":{"line":120,"column":null}},{"start":{},"end":{}}]},"6":{"loc":{"start":{"line":116,"column":8},"end":{"line":116,"column":55}},"type":"binary-expr","locations":[{"start":{"line":116,"column":8},"end":{"line":116,"column":26}},{"start":{"line":116,"column":30},"end":{"line":116,"column":55}}]},"7":{"loc":{"start":{"line":125,"column":11},"end":{"line":127,"column":null}},"type":"cond-expr","locations":[{"start":{"line":126,"column":8},"end":{"line":126,"column":null}},{"start":{"line":127,"column":8},"end":{"line":127,"column":null}}]}},"s":{"0":44,"1":16,"2":16,"3":37,"4":37,"5":28,"6":37,"7":42,"8":37,"9":77,"10":37,"11":29,"12":8,"13":37,"14":37,"15":6,"16":6,"17":22,"18":22,"19":8,"20":8,"21":1,"22":1,"23":3,"24":3,"25":13,"26":13,"27":2,"28":2,"29":41,"30":80,"31":80,"32":80,"33":41,"34":2,"35":1,"36":1,"37":2,"38":2,"39":8,"40":8,"41":8,"42":2,"43":6,"44":300},"f":{"0":28,"1":42,"2":77,"3":29,"4":8,"5":37,"6":6,"7":22,"8":8,"9":1,"10":3,"11":13,"12":2,"13":41,"14":80,"15":2,"16":1,"17":1,"18":2,"19":2,"20":8,"21":300},"b":{"0":[29],"1":[2,1],"2":[70,10],"3":[80,44],"4":[30,11],"5":[2,6],"6":[8,3],"7":[201,99]}}
,"/home/node/app/src/category/domain/category.entity.ts": {"path":"/home/node/app/src/category/domain/category.entity.ts","statementMap":{"0":{"start":{"line":22,"column":13},"end":{"line":22,"column":30}},"1":{"start":{"line":1,"column":23},"end":{"line":1,"column":null}},"2":{"start":{"line":4,"column":21},"end":{"line":4,"column":null}},"3":{"start":{"line":5,"column":36},"end":{"line":5,"column":null}},"4":{"start":{"line":6,"column":41},"end":{"line":6,"column":null}},"5":{"start":{"line":30,"column":4},"end":{"line":30,"column":null}},"6":{"start":{"line":31,"column":4},"end":{"line":31,"column":null}},"7":{"start":{"line":32,"column":4},"end":{"line":32,"column":null}},"8":{"start":{"line":33,"column":4},"end":{"line":33,"column":null}},"9":{"start":{"line":34,"column":4},"end":{"line":34,"column":null}},"10":{"start":{"line":35,"column":4},"end":{"line":35,"column":null}},"11":{"start":{"line":39,"column":4},"end":{"line":39,"column":null}},"12":{"start":{"line":43,"column":21},"end":{"line":43,"column":null}},"13":{"start":{"line":45,"column":4},"end":{"line":45,"column":null}},"14":{"start":{"line":46,"column":4},"end":{"line":46,"column":null}},"15":{"start":{"line":50,"column":4},"end":{"line":50,"column":null}},"16":{"start":{"line":51,"column":4},"end":{"line":51,"column":null}},"17":{"start":{"line":55,"column":4},"end":{"line":55,"column":null}},"18":{"start":{"line":59,"column":4},"end":{"line":59,"column":null}},"19":{"start":{"line":63,"column":4},"end":{"line":63,"column":null}},"20":{"start":{"line":67,"column":22},"end":{"line":67,"column":null}},"21":{"start":{"line":68,"column":4},"end":{"line":68,"column":null}},"22":{"start":{"line":72,"column":4},"end":{"line":72,"column":null}},"23":{"start":{"line":76,"column":4},"end":{"line":82,"column":null}}},"fnMap":{"0":{"name":"(anonymous_1)","decl":{"start":{"line":29,"column":2},"end":{"line":29,"column":14}},"loc":{"start":{"line":29,"column":47},"end":{"line":36,"column":null}}},"1":{"name":"(anonymous_2)","decl":{"start":{"line":38,"column":2},"end":{"line":38,"column":6}},"loc":{"start":{"line":38,"column":31},"end":{"line":40,"column":null}}},"2":{"name":"(anonymous_3)","decl":{"start":{"line":42,"column":2},"end":{"line":42,"column":9}},"loc":{"start":{"line":42,"column":56},"end":{"line":47,"column":null}}},"3":{"name":"(anonymous_4)","decl":{"start":{"line":49,"column":2},"end":{"line":49,"column":13}},"loc":{"start":{"line":49,"column":33},"end":{"line":52,"column":null}}},"4":{"name":"(anonymous_5)","decl":{"start":{"line":54,"column":2},"end":{"line":54,"column":20}},"loc":{"start":{"line":54,"column":47},"end":{"line":56,"column":null}}},"5":{"name":"(anonymous_6)","decl":{"start":{"line":58,"column":2},"end":{"line":58,"column":13}},"loc":{"start":{"line":58,"column":13},"end":{"line":60,"column":null}}},"6":{"name":"(anonymous_7)","decl":{"start":{"line":62,"column":2},"end":{"line":62,"column":15}},"loc":{"start":{"line":62,"column":15},"end":{"line":64,"column":null}}},"7":{"name":"(anonymous_8)","decl":{"start":{"line":66,"column":2},"end":{"line":66,"column":11}},"loc":{"start":{"line":66,"column":30},"end":{"line":69,"column":null}}},"8":{"name":"(anonymous_9)","decl":{"start":{"line":71,"column":2},"end":{"line":71,"column":9}},"loc":{"start":{"line":71,"column":16},"end":{"line":73,"column":null}}},"9":{"name":"(anonymous_10)","decl":{"start":{"line":75,"column":2},"end":{"line":75,"column":11}},"loc":{"start":{"line":75,"column":11},"end":{"line":83,"column":null}}}},"branchMap":{"0":{"loc":{"start":{"line":31,"column":23},"end":{"line":31,"column":null}},"type":"binary-expr","locations":[{"start":{"line":31,"column":23},"end":{"line":31,"column":40}},{"start":{"line":31,"column":44},"end":{"line":31,"column":null}}]},"1":{"loc":{"start":{"line":33,"column":23},"end":{"line":33,"column":null}},"type":"binary-expr","locations":[{"start":{"line":33,"column":23},"end":{"line":33,"column":40}},{"start":{"line":33,"column":44},"end":{"line":33,"column":null}}]},"2":{"loc":{"start":{"line":34,"column":21},"end":{"line":34,"column":null}},"type":"binary-expr","locations":[{"start":{"line":34,"column":21},"end":{"line":34,"column":36}},{"start":{"line":34,"column":40},"end":{"line":34,"column":null}}]},"3":{"loc":{"start":{"line":35,"column":22},"end":{"line":35,"column":null}},"type":"binary-expr","locations":[{"start":{"line":35,"column":22},"end":{"line":35,"column":38}},{"start":{"line":35,"column":42},"end":{"line":35,"column":null}}]}},"s":{"0":276,"1":16,"2":16,"3":16,"4":16,"5":194,"6":194,"7":194,"8":194,"9":194,"10":194,"11":24,"12":19,"13":19,"14":19,"15":18,"16":18,"17":5,"18":3,"19":5,"20":177,"21":177,"22":25,"23":106},"f":{"0":194,"1":24,"2":19,"3":18,"4":5,"5":3,"6":5,"7":177,"8":25,"9":106},"b":{"0":[194,123],"1":[194,100],"2":[194,44],"3":[194,83]}}
,"/home/node/app/src/category/domain/category.repository.ts": {"path":"/home/node/app/src/category/domain/category.repository.ts","statementMap":{"0":{"start":{"line":10,"column":13},"end":{"line":10,"column":42}},"1":{"start":{"line":12,"column":13},"end":{"line":12,"column":42}},"2":{"start":{"line":2,"column":29},"end":{"line":2,"column":null}},"3":{"start":{"line":3,"column":29},"end":{"line":3,"column":null}}},"fnMap":{},"branchMap":{},"s":{"0":18,"1":25,"2":7,"3":7},"f":{},"b":{}}
,"/home/node/app/src/category/domain/category.validator.ts": {"path":"/home/node/app/src/category/domain/category.validator.ts","statementMap":{"0":{"start":{"line":9,"column":13},"end":{"line":9,"column":null}},"1":{"start":{"line":18,"column":13},"end":{"line":18,"column":39}},"2":{"start":{"line":25,"column":13},"end":{"line":25,"column":null}},"3":{"start":{"line":3,"column":7},"end":{"line":3,"column":null}},"4":{"start":{"line":5,"column":37},"end":{"line":5,"column":null}},"5":{"start":{"line":14,"column":4},"end":{"line":14,"column":null}},"6":{"start":{"line":20,"column":22},"end":{"line":20,"column":null}},"7":{"start":{"line":21,"column":4},"end":{"line":21,"column":null}},"8":{"start":{"line":27,"column":4},"end":{"line":27,"column":null}}},"fnMap":{"0":{"name":"(anonymous_6)","decl":{"start":{"line":13,"column":2},"end":{"line":13,"column":14}},"loc":{"start":{"line":13,"column":32},"end":{"line":15,"column":null}}},"1":{"name":"(anonymous_7)","decl":{"start":{"line":19,"column":2},"end":{"line":19,"column":11}},"loc":{"start":{"line":19,"column":78},"end":{"line":22,"column":null}}},"2":{"name":"(anonymous_8)","decl":{"start":{"line":26,"column":2},"end":{"line":26,"column":9}},"loc":{"start":{"line":26,"column":18},"end":{"line":28,"column":null}}}},"branchMap":{"0":{"loc":{"start":{"line":20,"column":22},"end":{"line":20,"column":null}},"type":"cond-expr","locations":[{"start":{"line":20,"column":39},"end":{"line":20,"column":48}},{"start":{"line":20,"column":48},"end":{"line":20,"column":null}}]}},"s":{"0":0,"1":0,"2":177,"3":16,"4":16,"5":177,"6":177,"7":177,"8":177},"f":{"0":177,"1":177,"2":177},"b":{"0":[37,140]}}
,"/home/node/app/src/category/infra/db/in-memory/category-in-memory.repository.ts": {"path":"/home/node/app/src/category/infra/db/in-memory/category-in-memory.repository.ts","statementMap":{"0":{"start":{"line":7,"column":13},"end":{"line":7,"column":null}},"1":{"start":{"line":3,"column":45},"end":{"line":3,"column":null}},"2":{"start":{"line":4,"column":25},"end":{"line":4,"column":null}},"3":{"start":{"line":11,"column":29},"end":{"line":11,"column":52}},"4":{"start":{"line":17,"column":4},"end":{"line":19,"column":null}},"5":{"start":{"line":18,"column":6},"end":{"line":18,"column":null}},"6":{"start":{"line":21,"column":4},"end":{"line":23,"column":null}},"7":{"start":{"line":22,"column":6},"end":{"line":22,"column":null}},"8":{"start":{"line":26,"column":4},"end":{"line":26,"column":null}},"9":{"start":{"line":34,"column":4},"end":{"line":36,"column":null}}},"fnMap":{"0":{"name":"(anonymous_1)","decl":{"start":{"line":13,"column":2},"end":{"line":13,"column":18}},"loc":{"start":{"line":16,"column":25},"end":{"line":24,"column":null}}},"1":{"name":"(anonymous_2)","decl":{"start":{"line":21,"column":24},"end":{"line":21,"column":25}},"loc":{"start":{"line":21,"column":25},"end":{"line":23,"column":null}}},"2":{"name":"(anonymous_3)","decl":{"start":{"line":25,"column":2},"end":{"line":25,"column":48}},"loc":{"start":{"line":25,"column":48},"end":{"line":27,"column":null}}},"3":{"name":"(anonymous_4)","decl":{"start":{"line":29,"column":12},"end":{"line":29,"column":null}},"loc":{"start":{"line":33,"column":4},"end":{"line":37,"column":null}}}},"branchMap":{"0":{"loc":{"start":{"line":17,"column":4},"end":{"line":19,"column":null}},"type":"if","locations":[{"start":{"line":17,"column":4},"end":{"line":19,"column":null}},{"start":{},"end":{}}]},"1":{"loc":{"start":{"line":34,"column":11},"end":{"line":36,"column":null}},"type":"cond-expr","locations":[{"start":{"line":35,"column":8},"end":{"line":35,"column":null}},{"start":{"line":36,"column":8},"end":{"line":36,"column":null}}]}},"s":{"0":16,"1":6,"2":6,"3":16,"4":6,"5":2,"6":4,"7":18,"8":1,"9":7},"f":{"0":6,"1":18,"2":1,"3":7},"b":{"0":[2,4],"1":[5,2]}}
,"/home/node/app/src/category/infra/db/sequelize/category-model-mapper.ts": {"path":"/home/node/app/src/category/infra/db/sequelize/category-model-mapper.ts","statementMap":{"0":{"start":{"line":6,"column":13},"end":{"line":6,"column":null}},"1":{"start":{"line":1,"column":38},"end":{"line":1,"column":null}},"2":{"start":{"line":2,"column":21},"end":{"line":2,"column":null}},"3":{"start":{"line":3,"column":25},"end":{"line":3,"column":null}},"4":{"start":{"line":4,"column":30},"end":{"line":4,"column":null}},"5":{"start":{"line":8,"column":4},"end":{"line":14,"column":null}},"6":{"start":{"line":18,"column":21},"end":{"line":24,"column":null}},"7":{"start":{"line":26,"column":4},"end":{"line":26,"column":null}},"8":{"start":{"line":27,"column":4},"end":{"line":29,"column":null}},"9":{"start":{"line":28,"column":6},"end":{"line":28,"column":null}},"10":{"start":{"line":30,"column":4},"end":{"line":30,"column":null}}},"fnMap":{"0":{"name":"(anonymous_1)","decl":{"start":{"line":7,"column":2},"end":{"line":7,"column":9}},"loc":{"start":{"line":7,"column":50},"end":{"line":15,"column":null}}},"1":{"name":"(anonymous_2)","decl":{"start":{"line":17,"column":2},"end":{"line":17,"column":9}},"loc":{"start":{"line":17,"column":50},"end":{"line":31,"column":null}}}},"branchMap":{"0":{"loc":{"start":{"line":27,"column":4},"end":{"line":29,"column":null}},"type":"if","locations":[{"start":{"line":27,"column":4},"end":{"line":29,"column":null}},{"start":{},"end":{}}]}},"s":{"0":123,"1":7,"2":7,"3":7,"4":7,"5":62,"6":60,"7":60,"8":60,"9":1,"10":59},"f":{"0":62,"1":60},"b":{"0":[1,59]}}
,"/home/node/app/src/category/infra/db/sequelize/category-sequelize.repository.ts": {"path":"/home/node/app/src/category/infra/db/sequelize/category-sequelize.repository.ts","statementMap":{"0":{"start":{"line":13,"column":13},"end":{"line":13,"column":null}},"1":{"start":{"line":1,"column":19},"end":{"line":1,"column":null}},"2":{"start":{"line":2,"column":30},"end":{"line":2,"column":null}},"3":{"start":{"line":4,"column":25},"end":{"line":4,"column":null}},"4":{"start":{"line":9,"column":7},"end":{"line":9,"column":null}},"5":{"start":{"line":11,"column":36},"end":{"line":11,"column":null}},"6":{"start":{"line":14,"column":29},"end":{"line":14,"column":52}},"7":{"start":{"line":16,"column":22},"end":{"line":16,"column":57}},"8":{"start":{"line":19,"column":23},"end":{"line":19,"column":null}},"9":{"start":{"line":20,"column":4},"end":{"line":20,"column":null}},"10":{"start":{"line":24,"column":24},"end":{"line":25,"column":null}},"11":{"start":{"line":25,"column":6},"end":{"line":25,"column":null}},"12":{"start":{"line":27,"column":4},"end":{"line":27,"column":null}},"13":{"start":{"line":31,"column":15},"end":{"line":31,"column":36}},"14":{"start":{"line":32,"column":18},"end":{"line":32,"column":null}},"15":{"start":{"line":33,"column":4},"end":{"line":35,"column":null}},"16":{"start":{"line":34,"column":6},"end":{"line":34,"column":null}},"17":{"start":{"line":36,"column":26},"end":{"line":36,"column":null}},"18":{"start":{"line":37,"column":4},"end":{"line":39,"column":null}},"19":{"start":{"line":43,"column":15},"end":{"line":43,"column":29}},"20":{"start":{"line":44,"column":18},"end":{"line":44,"column":null}},"21":{"start":{"line":45,"column":4},"end":{"line":47,"column":null}},"22":{"start":{"line":46,"column":6},"end":{"line":46,"column":null}},"23":{"start":{"line":48,"column":4},"end":{"line":48,"column":null}},"24":{"start":{"line":52,"column":18},"end":{"line":52,"column":null}},"25":{"start":{"line":54,"column":4},"end":{"line":54,"column":null}},"26":{"start":{"line":58,"column":4},"end":{"line":58,"column":null}},"27":{"start":{"line":62,"column":19},"end":{"line":62,"column":null}},"28":{"start":{"line":63,"column":4},"end":{"line":65,"column":null}},"29":{"start":{"line":64,"column":6},"end":{"line":64,"column":null}},"30":{"start":{"line":69,"column":19},"end":{"line":69,"column":52}},"31":{"start":{"line":70,"column":18},"end":{"line":70,"column":32}},"32":{"start":{"line":71,"column":36},"end":{"line":82,"column":null}},"33":{"start":{"line":83,"column":4},"end":{"line":90,"column":null}},"34":{"start":{"line":85,"column":8},"end":{"line":85,"column":null}},"35":{"start":{"line":94,"column":4},"end":{"line":94,"column":null}}},"fnMap":{"0":{"name":"(anonymous_1)","decl":{"start":{"line":16,"column":2},"end":{"line":16,"column":14}},"loc":{"start":{"line":16,"column":59},"end":{"line":16,"column":null}}},"1":{"name":"(anonymous_2)","decl":{"start":{"line":18,"column":2},"end":{"line":18,"column":8}},"loc":{"start":{"line":18,"column":48},"end":{"line":21,"column":null}}},"2":{"name":"(anonymous_3)","decl":{"start":{"line":23,"column":2},"end":{"line":23,"column":8}},"loc":{"start":{"line":23,"column":56},"end":{"line":28,"column":null}}},"3":{"name":"(anonymous_4)","decl":{"start":{"line":24,"column":37},"end":{"line":24,"column":38}},"loc":{"start":{"line":25,"column":6},"end":{"line":25,"column":null}}},"4":{"name":"(anonymous_5)","decl":{"start":{"line":30,"column":2},"end":{"line":30,"column":8}},"loc":{"start":{"line":30,"column":48},"end":{"line":40,"column":null}}},"5":{"name":"(anonymous_6)","decl":{"start":{"line":42,"column":2},"end":{"line":42,"column":8}},"loc":{"start":{"line":42,"column":49},"end":{"line":49,"column":null}}},"6":{"name":"(anonymous_7)","decl":{"start":{"line":51,"column":2},"end":{"line":51,"column":8}},"loc":{"start":{"line":51,"column":60},"end":{"line":55,"column":null}}},"7":{"name":"(anonymous_8)","decl":{"start":{"line":57,"column":2},"end":{"line":57,"column":16}},"loc":{"start":{"line":57,"column":33},"end":{"line":59,"column":null}}},"8":{"name":"(anonymous_9)","decl":{"start":{"line":61,"column":2},"end":{"line":61,"column":8}},"loc":{"start":{"line":61,"column":39},"end":{"line":66,"column":null}}},"9":{"name":"(anonymous_10)","decl":{"start":{"line":63,"column":22},"end":{"line":63,"column":23}},"loc":{"start":{"line":63,"column":23},"end":{"line":65,"column":null}}},"10":{"name":"(anonymous_11)","decl":{"start":{"line":68,"column":2},"end":{"line":68,"column":8}},"loc":{"start":{"line":68,"column":75},"end":{"line":91,"column":null}}},"11":{"name":"(anonymous_12)","decl":{"start":{"line":84,"column":24},"end":{"line":84,"column":25}},"loc":{"start":{"line":84,"column":25},"end":{"line":86,"column":null}}},"12":{"name":"(anonymous_13)","decl":{"start":{"line":93,"column":2},"end":{"line":93,"column":48}},"loc":{"start":{"line":93,"column":48},"end":{"line":95,"column":null}}}},"branchMap":{"0":{"loc":{"start":{"line":33,"column":4},"end":{"line":35,"column":null}},"type":"if","locations":[{"start":{"line":33,"column":4},"end":{"line":35,"column":null}},{"start":{},"end":{}}]},"1":{"loc":{"start":{"line":45,"column":4},"end":{"line":47,"column":null}},"type":"if","locations":[{"start":{"line":45,"column":4},"end":{"line":47,"column":null}},{"start":{},"end":{}}]},"2":{"loc":{"start":{"line":54,"column":11},"end":{"line":54,"column":null}},"type":"cond-expr","locations":[{"start":{"line":54,"column":19},"end":{"line":54,"column":57}},{"start":{"line":54,"column":57},"end":{"line":54,"column":null}}]},"3":{"loc":{"start":{"line":72,"column":10},"end":{"line":76,"column":7}},"type":"binary-expr","locations":[{"start":{"line":72,"column":10},"end":{"line":72,"column":22}},{"start":{"line":72,"column":26},"end":{"line":76,"column":7}}]},"4":{"loc":{"start":{"line":77,"column":10},"end":{"line":79,"column":45}},"type":"cond-expr","locations":[{"start":{"line":78,"column":10},"end":{"line":78,"column":null}},{"start":{"line":79,"column":10},"end":{"line":79,"column":45}}]},"5":{"loc":{"start":{"line":77,"column":10},"end":{"line":77,"column":null}},"type":"binary-expr","locations":[{"start":{"line":77,"column":10},"end":{"line":77,"column":20}},{"start":{"line":77,"column":24},"end":{"line":77,"column":null}}]},"6":{"loc":{"start":{"line":78,"column":33},"end":{"line":78,"column":57}},"type":"binary-expr","locations":[{"start":{"line":78,"column":33},"end":{"line":78,"column":47}},{"start":{"line":78,"column":51},"end":{"line":78,"column":57}}]}},"s":{"0":22,"1":6,"2":6,"3":6,"4":6,"5":6,"6":22,"7":22,"8":12,"9":12,"10":7,"11":42,"12":7,"13":9,"14":9,"15":9,"16":1,"17":8,"18":8,"19":4,"20":4,"21":4,"22":2,"23":2,"24":26,"25":26,"26":39,"27":1,"28":1,"29":1,"30":14,"31":14,"32":14,"33":14,"34":36,"35":3},"f":{"0":22,"1":12,"2":7,"3":42,"4":9,"5":4,"6":26,"7":39,"8":1,"9":1,"10":14,"11":36,"12":3},"b":{"0":[1,8],"1":[2,2],"2":[21,5],"3":[14,7],"4":[9,5],"5":[14,9],"6":[9,0]}}
,"/home/node/app/src/category/infra/db/sequelize/category.model.ts": {"path":"/home/node/app/src/category/infra/db/sequelize/category.model.ts","statementMap":{"0":{"start":{"line":18,"column":13},"end":{"line":18,"column":35}},"1":{"start":{"line":7,"column":7},"end":{"line":7,"column":null}}},"fnMap":{},"branchMap":{},"s":{"0":98,"1":8},"f":{},"b":{}}
,"/home/node/app/src/shared/application/pagination-output.ts": {"path":"/home/node/app/src/shared/application/pagination-output.ts","statementMap":{"0":{"start":{"line":11,"column":13},"end":{"line":11,"column":null}},"1":{"start":{"line":16,"column":4},"end":{"line":22,"column":null}}},"fnMap":{"0":{"name":"(anonymous_1)","decl":{"start":{"line":12,"column":2},"end":{"line":12,"column":9}},"loc":{"start":{"line":15,"column":28},"end":{"line":23,"column":null}}}},"branchMap":{},"s":{"0":10,"1":10},"f":{"0":10},"b":{}}
,"/home/node/app/src/shared/domain/entity.ts": {"path":"/home/node/app/src/shared/domain/entity.ts","statementMap":{"0":{"start":{"line":4,"column":22},"end":{"line":4,"column":null}},"1":{"start":{"line":1,"column":29},"end":{"line":1,"column":null}},"2":{"start":{"line":6,"column":33},"end":{"line":6,"column":52}}},"fnMap":{},"branchMap":{},"s":{"0":19,"1":19,"2":239},"f":{},"b":{}}
,"/home/node/app/src/shared/domain/value-object.ts": {"path":"/home/node/app/src/shared/domain/value-object.ts","statementMap":{"0":{"start":{"line":3,"column":22},"end":{"line":3,"column":null}},"1":{"start":{"line":1,"column":20},"end":{"line":1,"column":null}},"2":{"start":{"line":5,"column":8},"end":{"line":7,"column":null}},"3":{"start":{"line":6,"column":12},"end":{"line":6,"column":null}},"4":{"start":{"line":8,"column":8},"end":{"line":10,"column":null}},"5":{"start":{"line":9,"column":12},"end":{"line":9,"column":null}},"6":{"start":{"line":11,"column":8},"end":{"line":11,"column":null}}},"fnMap":{"0":{"name":"(anonymous_2)","decl":{"start":{"line":4,"column":11},"end":{"line":4,"column":18}},"loc":{"start":{"line":4,"column":37},"end":{"line":12,"column":null}}}},"branchMap":{"0":{"loc":{"start":{"line":5,"column":8},"end":{"line":7,"column":null}},"type":"if","locations":[{"start":{"line":5,"column":8},"end":{"line":7,"column":null}},{"start":{},"end":{}}]},"1":{"loc":{"start":{"line":5,"column":12},"end":{"line":5,"column":45}},"type":"binary-expr","locations":[{"start":{"line":5,"column":12},"end":{"line":5,"column":27}},{"start":{"line":5,"column":27},"end":{"line":5,"column":45}}]},"2":{"loc":{"start":{"line":8,"column":8},"end":{"line":10,"column":null}},"type":"if","locations":[{"start":{"line":8,"column":8},"end":{"line":10,"column":null}},{"start":{},"end":{}}]}},"s":{"0":47,"1":23,"2":31,"3":6,"4":25,"5":0,"6":25},"f":{"0":31},"b":{"0":[6,25],"1":[31,28],"2":[0,25]}}
,"/home/node/app/src/shared/domain/errors/not-found.error.ts": {"path":"/home/node/app/src/shared/domain/errors/not-found.error.ts","statementMap":{"0":{"start":{"line":3,"column":13},"end":{"line":3,"column":35}},"1":{"start":{"line":8,"column":23},"end":{"line":8,"column":null}},"2":{"start":{"line":9,"column":4},"end":{"line":9,"column":null}},"3":{"start":{"line":10,"column":4},"end":{"line":10,"column":null}}},"fnMap":{"0":{"name":"(anonymous_1)","decl":{"start":{"line":4,"column":2},"end":{"line":4,"column":null}},"loc":{"start":{"line":7,"column":4},"end":{"line":11,"column":null}}}},"branchMap":{"0":{"loc":{"start":{"line":8,"column":23},"end":{"line":8,"column":null}},"type":"cond-expr","locations":[{"start":{"line":8,"column":43},"end":{"line":8,"column":59}},{"start":{"line":8,"column":59},"end":{"line":8,"column":null}}]}},"s":{"0":28,"1":28,"2":28,"3":28},"f":{"0":28},"b":{"0":[0,28]}}
,"/home/node/app/src/shared/domain/repository/search-params.ts": {"path":"/home/node/app/src/shared/domain/repository/search-params.ts","statementMap":{"0":{"start":{"line":13,"column":13},"end":{"line":13,"column":51}},"1":{"start":{"line":1,"column":28},"end":{"line":1,"column":null}},"2":{"start":{"line":15,"column":32},"end":{"line":15,"column":35}},"3":{"start":{"line":21,"column":4},"end":{"line":21,"column":null}},"4":{"start":{"line":22,"column":4},"end":{"line":22,"column":null}},"5":{"start":{"line":23,"column":4},"end":{"line":23,"column":null}},"6":{"start":{"line":24,"column":4},"end":{"line":24,"column":null}},"7":{"start":{"line":25,"column":4},"end":{"line":25,"column":null}},"8":{"start":{"line":26,"column":4},"end":{"line":26,"column":null}},"9":{"start":{"line":30,"column":4},"end":{"line":30,"column":null}},"10":{"start":{"line":34,"column":16},"end":{"line":34,"column":null}},"11":{"start":{"line":36,"column":4},"end":{"line":38,"column":null}},"12":{"start":{"line":37,"column":6},"end":{"line":37,"column":null}},"13":{"start":{"line":40,"column":4},"end":{"line":40,"column":null}},"14":{"start":{"line":44,"column":4},"end":{"line":44,"column":null}},"15":{"start":{"line":48,"column":20},"end":{"line":48,"column":null}},"16":{"start":{"line":50,"column":4},"end":{"line":56,"column":null}},"17":{"start":{"line":55,"column":6},"end":{"line":55,"column":null}},"18":{"start":{"line":58,"column":4},"end":{"line":58,"column":null}},"19":{"start":{"line":62,"column":4},"end":{"line":62,"column":null}},"20":{"start":{"line":66,"column":4},"end":{"line":67,"column":null}},"21":{"start":{"line":71,"column":4},"end":{"line":71,"column":null}},"22":{"start":{"line":75,"column":4},"end":{"line":78,"column":null}},"23":{"start":{"line":76,"column":6},"end":{"line":76,"column":null}},"24":{"start":{"line":77,"column":6},"end":{"line":77,"column":null}},"25":{"start":{"line":79,"column":16},"end":{"line":79,"column":null}},"26":{"start":{"line":80,"column":4},"end":{"line":80,"column":null}},"27":{"start":{"line":84,"column":4},"end":{"line":84,"column":null}},"28":{"start":{"line":88,"column":4},"end":{"line":91,"column":null}}},"fnMap":{"0":{"name":"(anonymous_1)","decl":{"start":{"line":20,"column":2},"end":{"line":20,"column":14}},"loc":{"start":{"line":20,"column":64},"end":{"line":27,"column":null}}},"1":{"name":"(anonymous_2)","decl":{"start":{"line":29,"column":2},"end":{"line":29,"column":6}},"loc":{"start":{"line":29,"column":13},"end":{"line":31,"column":null}}},"2":{"name":"(anonymous_3)","decl":{"start":{"line":33,"column":2},"end":{"line":33,"column":14}},"loc":{"start":{"line":33,"column":34},"end":{"line":41,"column":null}}},"3":{"name":"(anonymous_4)","decl":{"start":{"line":43,"column":2},"end":{"line":43,"column":6}},"loc":{"start":{"line":43,"column":17},"end":{"line":45,"column":null}}},"4":{"name":"(anonymous_5)","decl":{"start":{"line":47,"column":2},"end":{"line":47,"column":14}},"loc":{"start":{"line":47,"column":38},"end":{"line":59,"column":null}}},"5":{"name":"(anonymous_6)","decl":{"start":{"line":61,"column":2},"end":{"line":61,"column":6}},"loc":{"start":{"line":61,"column":28},"end":{"line":63,"column":null}}},"6":{"name":"(anonymous_7)","decl":{"start":{"line":65,"column":2},"end":{"line":65,"column":14}},"loc":{"start":{"line":65,"column":41},"end":{"line":68,"column":null}}},"7":{"name":"(anonymous_8)","decl":{"start":{"line":70,"column":2},"end":{"line":70,"column":6}},"loc":{"start":{"line":70,"column":39},"end":{"line":72,"column":null}}},"8":{"name":"(anonymous_9)","decl":{"start":{"line":74,"column":2},"end":{"line":74,"column":14}},"loc":{"start":{"line":74,"column":52},"end":{"line":81,"column":null}}},"9":{"name":"(anonymous_10)","decl":{"start":{"line":83,"column":2},"end":{"line":83,"column":6}},"loc":{"start":{"line":83,"column":30},"end":{"line":85,"column":null}}},"10":{"name":"(anonymous_11)","decl":{"start":{"line":87,"column":2},"end":{"line":87,"column":16}},"loc":{"start":{"line":87,"column":45},"end":{"line":92,"column":null}}}},"branchMap":{"0":{"loc":{"start":{"line":20,"column":14},"end":{"line":20,"column":62}},"type":"default-arg","locations":[{"start":{"line":20,"column":60},"end":{"line":20,"column":62}}]},"1":{"loc":{"start":{"line":22,"column":16},"end":{"line":22,"column":null}},"type":"binary-expr","locations":[{"start":{"line":22,"column":16},"end":{"line":22,"column":26}},{"start":{"line":22,"column":30},"end":{"line":22,"column":null}}]},"2":{"loc":{"start":{"line":23,"column":20},"end":{"line":23,"column":null}},"type":"binary-expr","locations":[{"start":{"line":23,"column":20},"end":{"line":23,"column":34}},{"start":{"line":23,"column":38},"end":{"line":23,"column":null}}]},"3":{"loc":{"start":{"line":24,"column":16},"end":{"line":24,"column":null}},"type":"binary-expr","locations":[{"start":{"line":24,"column":16},"end":{"line":24,"column":26}},{"start":{"line":24,"column":30},"end":{"line":24,"column":null}}]},"4":{"loc":{"start":{"line":25,"column":20},"end":{"line":25,"column":null}},"type":"binary-expr","locations":[{"start":{"line":25,"column":20},"end":{"line":25,"column":34}},{"start":{"line":25,"column":38},"end":{"line":25,"column":null}}]},"5":{"loc":{"start":{"line":26,"column":18},"end":{"line":26,"column":null}},"type":"binary-expr","locations":[{"start":{"line":26,"column":18},"end":{"line":26,"column":30}},{"start":{"line":26,"column":34},"end":{"line":26,"column":null}}]},"6":{"loc":{"start":{"line":36,"column":4},"end":{"line":38,"column":null}},"type":"if","locations":[{"start":{"line":36,"column":4},"end":{"line":38,"column":null}},{"start":{},"end":{}}]},"7":{"loc":{"start":{"line":36,"column":8},"end":{"line":36,"column":79}},"type":"binary-expr","locations":[{"start":{"line":36,"column":8},"end":{"line":36,"column":31}},{"start":{"line":36,"column":31},"end":{"line":36,"column":45}},{"start":{"line":36,"column":45},"end":{"line":36,"column":79}}]},"8":{"loc":{"start":{"line":48,"column":20},"end":{"line":48,"column":null}},"type":"cond-expr","locations":[{"start":{"line":48,"column":46},"end":{"line":48,"column":60}},{"start":{"line":48,"column":63},"end":{"line":48,"column":null}}]},"9":{"loc":{"start":{"line":50,"column":4},"end":{"line":56,"column":null}},"type":"if","locations":[{"start":{"line":50,"column":4},"end":{"line":56,"column":null}},{"start":{},"end":{}}]},"10":{"loc":{"start":{"line":51,"column":6},"end":{"line":53,"column":null}},"type":"binary-expr","locations":[{"start":{"line":51,"column":6},"end":{"line":51,"column":null}},{"start":{"line":52,"column":6},"end":{"line":52,"column":null}},{"start":{"line":53,"column":6},"end":{"line":53,"column":null}}]},"11":{"loc":{"start":{"line":67,"column":6},"end":{"line":67,"column":79}},"type":"cond-expr","locations":[{"start":{"line":67,"column":62},"end":{"line":67,"column":69}},{"start":{"line":67,"column":69},"end":{"line":67,"column":79}}]},"12":{"loc":{"start":{"line":67,"column":6},"end":{"line":67,"column":62}},"type":"binary-expr","locations":[{"start":{"line":67,"column":6},"end":{"line":67,"column":24}},{"start":{"line":67,"column":24},"end":{"line":67,"column":47}},{"start":{"line":67,"column":47},"end":{"line":67,"column":62}}]},"13":{"loc":{"start":{"line":75,"column":4},"end":{"line":78,"column":null}},"type":"if","locations":[{"start":{"line":75,"column":4},"end":{"line":78,"column":null}},{"start":{},"end":{}}]},"14":{"loc":{"start":{"line":80,"column":21},"end":{"line":80,"column":null}},"type":"cond-expr","locations":[{"start":{"line":80,"column":55},"end":{"line":80,"column":63}},{"start":{"line":80,"column":63},"end":{"line":80,"column":null}}]},"15":{"loc":{"start":{"line":80,"column":21},"end":{"line":80,"column":55}},"type":"binary-expr","locations":[{"start":{"line":80,"column":21},"end":{"line":80,"column":38}},{"start":{"line":80,"column":38},"end":{"line":80,"column":55}}]},"16":{"loc":{"start":{"line":89,"column":6},"end":{"line":91,"column":21}},"type":"cond-expr","locations":[{"start":{"line":90,"column":10},"end":{"line":90,"column":null}},{"start":{"line":91,"column":11},"end":{"line":91,"column":21}}]},"17":{"loc":{"start":{"line":89,"column":6},"end":{"line":89,"column":null}},"type":"binary-expr","locations":[{"start":{"line":89,"column":6},"end":{"line":89,"column":24}},{"start":{"line":89,"column":24},"end":{"line":89,"column":47}},{"start":{"line":89,"column":47},"end":{"line":89,"column":null}}]}},"s":{"0":78,"1":9,"2":89,"3":89,"4":89,"5":89,"6":89,"7":89,"8":89,"9":67,"10":89,"11":89,"12":7,"13":89,"14":82,"15":89,"16":89,"17":7,"18":89,"19":145,"20":89,"21":35,"22":89,"23":55,"24":55,"25":34,"26":34,"27":45,"28":89},"f":{"0":89,"1":67,"2":89,"3":82,"4":89,"5":145,"6":89,"7":35,"8":89,"9":45,"10":89},"b":{"0":[8],"1":[89,57],"2":[89,56],"3":[89,53],"4":[89,76],"5":[89,67],"6":[7,82],"7":[89,87,83],"8":[1,88],"9":[7,82],"10":[89,87,83],"11":[55,34],"12":[89,36,36],"13":[55,34],"14":[24,10],"15":[34,32],"16":[68,21],"17":[89,22,22]}}
,"/home/node/app/src/shared/domain/repository/search-result.ts": {"path":"/home/node/app/src/shared/domain/repository/search-result.ts","statementMap":{"0":{"start":{"line":11,"column":13},"end":{"line":11,"column":61}},"1":{"start":{"line":2,"column":28},"end":{"line":2,"column":null}},"2":{"start":{"line":19,"column":4},"end":{"line":19,"column":null}},"3":{"start":{"line":20,"column":4},"end":{"line":20,"column":null}},"4":{"start":{"line":21,"column":4},"end":{"line":21,"column":null}},"5":{"start":{"line":22,"column":4},"end":{"line":22,"column":null}},"6":{"start":{"line":23,"column":4},"end":{"line":23,"column":null}},"7":{"start":{"line":24,"column":4},"end":{"line":24,"column":null}},"8":{"start":{"line":28,"column":4},"end":{"line":36,"column":null}},"9":{"start":{"line":30,"column":35},"end":{"line":30,"column":null}}},"fnMap":{"0":{"name":"(anonymous_1)","decl":{"start":{"line":18,"column":2},"end":{"line":18,"column":14}},"loc":{"start":{"line":18,"column":54},"end":{"line":25,"column":null}}},"1":{"name":"(anonymous_2)","decl":{"start":{"line":27,"column":2},"end":{"line":27,"column":9}},"loc":{"start":{"line":27,"column":30},"end":{"line":37,"column":null}}},"2":{"name":"(anonymous_3)","decl":{"start":{"line":30,"column":25},"end":{"line":30,"column":26}},"loc":{"start":{"line":30,"column":35},"end":{"line":30,"column":null}}}},"branchMap":{"0":{"loc":{"start":{"line":27,"column":9},"end":{"line":27,"column":28}},"type":"default-arg","locations":[{"start":{"line":27,"column":23},"end":{"line":27,"column":28}}]},"1":{"loc":{"start":{"line":29,"column":13},"end":{"line":31,"column":20}},"type":"cond-expr","locations":[{"start":{"line":30,"column":10},"end":{"line":30,"column":null}},{"start":{"line":31,"column":10},"end":{"line":31,"column":20}}]}},"s":{"0":33,"1":16,"2":50,"3":50,"4":50,"5":50,"6":50,"7":50,"8":23,"9":36},"f":{"0":50,"1":23,"2":36},"b":{"0":[3],"1":[20,3]}}
,"/home/node/app/src/shared/domain/validators/class-validator-fields.ts": {"path":"/home/node/app/src/shared/domain/validators/class-validator-fields.ts","statementMap":{"0":{"start":{"line":5,"column":22},"end":{"line":5,"column":null}},"1":{"start":{"line":1,"column":29},"end":{"line":1,"column":null}},"2":{"start":{"line":7,"column":19},"end":{"line":9,"column":null}},"3":{"start":{"line":10,"column":4},"end":{"line":17,"column":null}},"4":{"start":{"line":11,"column":6},"end":{"line":16,"column":null}},"5":{"start":{"line":12,"column":22},"end":{"line":12,"column":36}},"6":{"start":{"line":13,"column":8},"end":{"line":15,"column":null}},"7":{"start":{"line":14,"column":10},"end":{"line":14,"column":null}},"8":{"start":{"line":18,"column":4},"end":{"line":18,"column":null}}},"fnMap":{"0":{"name":"(anonymous_1)","decl":{"start":{"line":6,"column":2},"end":{"line":6,"column":11}},"loc":{"start":{"line":6,"column":77},"end":{"line":19,"column":null}}},"1":{"name":"(anonymous_2)","decl":{"start":{"line":13,"column":50},"end":{"line":13,"column":51}},"loc":{"start":{"line":13,"column":51},"end":{"line":15,"column":null}}}},"branchMap":{"0":{"loc":{"start":{"line":10,"column":4},"end":{"line":17,"column":null}},"type":"if","locations":[{"start":{"line":10,"column":4},"end":{"line":17,"column":null}},{"start":{},"end":{}}]}},"s":{"0":16,"1":16,"2":177,"3":177,"4":5,"5":5,"6":5,"7":5,"8":177},"f":{"0":177,"1":5},"b":{"0":[5,172]}}
,"/home/node/app/src/shared/domain/validators/notification.ts": {"path":"/home/node/app/src/shared/domain/validators/notification.ts","statementMap":{"0":{"start":{"line":1,"column":13},"end":{"line":1,"column":null}},"1":{"start":{"line":2,"column":11},"end":{"line":2,"column":48}},"2":{"start":{"line":5,"column":4},"end":{"line":11,"column":null}},"3":{"start":{"line":6,"column":22},"end":{"line":6,"column":50}},"4":{"start":{"line":7,"column":6},"end":{"line":7,"column":null}},"5":{"start":{"line":8,"column":6},"end":{"line":8,"column":null}},"6":{"start":{"line":10,"column":6},"end":{"line":10,"column":null}},"7":{"start":{"line":15,"column":4},"end":{"line":25,"column":null}},"8":{"start":{"line":16,"column":6},"end":{"line":16,"column":null}},"9":{"start":{"line":18,"column":6},"end":{"line":23,"column":null}},"10":{"start":{"line":19,"column":8},"end":{"line":21,"column":null}},"11":{"start":{"line":20,"column":10},"end":{"line":20,"column":null}},"12":{"start":{"line":22,"column":8},"end":{"line":22,"column":null}},"13":{"start":{"line":24,"column":6},"end":{"line":24,"column":null}},"14":{"start":{"line":29,"column":4},"end":{"line":29,"column":null}},"15":{"start":{"line":33,"column":4},"end":{"line":35,"column":null}},"16":{"start":{"line":34,"column":6},"end":{"line":34,"column":null}},"17":{"start":{"line":39,"column":64},"end":{"line":39,"column":66}},"18":{"start":{"line":40,"column":4},"end":{"line":46,"column":null}},"19":{"start":{"line":41,"column":6},"end":{"line":45,"column":null}},"20":{"start":{"line":42,"column":8},"end":{"line":42,"column":null}},"21":{"start":{"line":44,"column":8},"end":{"line":44,"column":null}},"22":{"start":{"line":47,"column":4},"end":{"line":47,"column":null}}},"fnMap":{"0":{"name":"(anonymous_1)","decl":{"start":{"line":4,"column":2},"end":{"line":4,"column":11}},"loc":{"start":{"line":4,"column":42},"end":{"line":12,"column":null}}},"1":{"name":"(anonymous_2)","decl":{"start":{"line":14,"column":2},"end":{"line":14,"column":11}},"loc":{"start":{"line":14,"column":53},"end":{"line":26,"column":null}}},"2":{"name":"(anonymous_3)","decl":{"start":{"line":19,"column":22},"end":{"line":19,"column":23}},"loc":{"start":{"line":19,"column":23},"end":{"line":21,"column":null}}},"3":{"name":"(anonymous_4)","decl":{"start":{"line":28,"column":2},"end":{"line":28,"column":23}},"loc":{"start":{"line":28,"column":23},"end":{"line":30,"column":null}}},"4":{"name":"(anonymous_5)","decl":{"start":{"line":32,"column":2},"end":{"line":32,"column":13}},"loc":{"start":{"line":32,"column":41},"end":{"line":36,"column":null}}},"5":{"name":"(anonymous_6)","decl":{"start":{"line":33,"column":32},"end":{"line":33,"column":33}},"loc":{"start":{"line":33,"column":40},"end":{"line":35,"column":null}}},"6":{"name":"(anonymous_7)","decl":{"start":{"line":38,"column":2},"end":{"line":38,"column":11}},"loc":{"start":{"line":38,"column":11},"end":{"line":48,"column":null}}},"7":{"name":"(anonymous_8)","decl":{"start":{"line":40,"column":24},"end":{"line":40,"column":25}},"loc":{"start":{"line":40,"column":32},"end":{"line":46,"column":null}}}},"branchMap":{"0":{"loc":{"start":{"line":5,"column":4},"end":{"line":11,"column":null}},"type":"if","locations":[{"start":{"line":5,"column":4},"end":{"line":11,"column":null}},{"start":{"line":9,"column":11},"end":{"line":11,"column":null}}]},"1":{"loc":{"start":{"line":6,"column":22},"end":{"line":6,"column":50}},"type":"binary-expr","locations":[{"start":{"line":6,"column":22},"end":{"line":6,"column":48}},{"start":{"line":6,"column":48},"end":{"line":6,"column":50}}]},"2":{"loc":{"start":{"line":7,"column":6},"end":{"line":7,"column":null}},"type":"binary-expr","locations":[{"start":{"line":7,"column":6},"end":{"line":7,"column":38}},{"start":{"line":7,"column":38},"end":{"line":7,"column":null}}]},"3":{"loc":{"start":{"line":15,"column":4},"end":{"line":25,"column":null}},"type":"if","locations":[{"start":{"line":15,"column":4},"end":{"line":25,"column":null}},{"start":{"line":17,"column":11},"end":{"line":25,"column":null}}]},"4":{"loc":{"start":{"line":16,"column":29},"end":{"line":16,"column":null}},"type":"cond-expr","locations":[{"start":{"line":16,"column":52},"end":{"line":16,"column":60}},{"start":{"line":16,"column":60},"end":{"line":16,"column":null}}]},"5":{"loc":{"start":{"line":18,"column":6},"end":{"line":23,"column":null}},"type":"if","locations":[{"start":{"line":18,"column":6},"end":{"line":23,"column":null}},{"start":{},"end":{}}]},"6":{"loc":{"start":{"line":41,"column":6},"end":{"line":45,"column":null}},"type":"if","locations":[{"start":{"line":41,"column":6},"end":{"line":45,"column":null}},{"start":{"line":43,"column":13},"end":{"line":45,"column":null}}]}},"s":{"0":239,"1":239,"2":5,"3":5,"4":5,"5":5,"6":0,"7":0,"8":0,"9":0,"10":0,"11":0,"12":0,"13":0,"14":91,"15":0,"16":0,"17":3,"18":3,"19":3,"20":0,"21":3,"22":3},"f":{"0":5,"1":0,"2":0,"3":91,"4":0,"5":0,"6":3,"7":3},"b":{"0":[5,0],"1":[5,5],"2":[5,5],"3":[0,0],"4":[0,0],"5":[0,0],"6":[0,3]}}
,"/home/node/app/src/shared/domain/validators/validation.error.ts": {"path":"/home/node/app/src/shared/domain/validators/validation.error.ts","statementMap":{"0":{"start":{"line":5,"column":13},"end":{"line":5,"column":43}},"1":{"start":{"line":3,"column":13},"end":{"line":3,"column":37}},"2":{"start":{"line":7,"column":4},"end":{"line":6,"column":42}},"3":{"start":{"line":11,"column":4},"end":{"line":11,"column":null}}},"fnMap":{"0":{"name":"(anonymous_3)","decl":{"start":{"line":6,"column":2},"end":{"line":6,"column":14}},"loc":{"start":{"line":6,"column":81},"end":{"line":8,"column":null}}},"1":{"name":"(anonymous_4)","decl":{"start":{"line":10,"column":2},"end":{"line":10,"column":10}},"loc":{"start":{"line":10,"column":10},"end":{"line":12,"column":null}}}},"branchMap":{"0":{"loc":{"start":{"line":6,"column":44},"end":{"line":6,"column":79}},"type":"default-arg","locations":[{"start":{"line":6,"column":54},"end":{"line":6,"column":79}}]}},"s":{"0":4,"1":0,"2":3,"3":0},"f":{"0":3,"1":0},"b":{"0":[3]}}
,"/home/node/app/src/shared/domain/value-objects/uuid.vo.ts": {"path":"/home/node/app/src/shared/domain/value-objects/uuid.vo.ts","statementMap":{"0":{"start":{"line":25,"column":13},"end":{"line":25,"column":38}},"1":{"start":{"line":4,"column":13},"end":{"line":4,"column":26}},"2":{"start":{"line":1,"column":28},"end":{"line":1,"column":null}},"3":{"start":{"line":2,"column":56},"end":{"line":2,"column":null}},"4":{"start":{"line":8,"column":8},"end":{"line":8,"column":null}},"5":{"start":{"line":9,"column":8},"end":{"line":9,"column":null}},"6":{"start":{"line":10,"column":8},"end":{"line":10,"column":null}},"7":{"start":{"line":14,"column":24},"end":{"line":14,"column":null}},"8":{"start":{"line":15,"column":8},"end":{"line":17,"column":null}},"9":{"start":{"line":16,"column":12},"end":{"line":16,"column":null}},"10":{"start":{"line":21,"column":8},"end":{"line":21,"column":null}},"11":{"start":{"line":27,"column":8},"end":{"line":27,"column":null}},"12":{"start":{"line":28,"column":8},"end":{"line":28,"column":null}}},"fnMap":{"0":{"name":"(anonymous_3)","decl":{"start":{"line":7,"column":4},"end":{"line":7,"column":16}},"loc":{"start":{"line":7,"column":29},"end":{"line":11,"column":null}}},"1":{"name":"(anonymous_4)","decl":{"start":{"line":13,"column":12},"end":{"line":13,"column":23}},"loc":{"start":{"line":13,"column":23},"end":{"line":18,"column":null}}},"2":{"name":"(anonymous_5)","decl":{"start":{"line":20,"column":4},"end":{"line":20,"column":14}},"loc":{"start":{"line":20,"column":14},"end":{"line":22,"column":null}}},"3":{"name":"(anonymous_6)","decl":{"start":{"line":26,"column":4},"end":{"line":26,"column":16}},"loc":{"start":{"line":26,"column":34},"end":{"line":29,"column":null}}}},"branchMap":{"0":{"loc":{"start":{"line":9,"column":18},"end":{"line":9,"column":null}},"type":"binary-expr","locations":[{"start":{"line":9,"column":18},"end":{"line":9,"column":24}},{"start":{"line":9,"column":24},"end":{"line":9,"column":null}}]},"1":{"loc":{"start":{"line":15,"column":8},"end":{"line":17,"column":null}},"type":"if","locations":[{"start":{"line":15,"column":8},"end":{"line":17,"column":null}},{"start":{},"end":{}}]},"2":{"loc":{"start":{"line":27,"column":14},"end":{"line":27,"column":null}},"type":"binary-expr","locations":[{"start":{"line":27,"column":14},"end":{"line":27,"column":25}},{"start":{"line":27,"column":25},"end":{"line":27,"column":null}}]}},"s":{"0":4,"1":301,"2":20,"3":20,"4":286,"5":286,"6":286,"7":286,"8":286,"9":4,"10":9,"11":7,"12":7},"f":{"0":286,"1":286,"2":9,"3":7},"b":{"0":[286,183],"1":[4,282],"2":[7,7]}}
,"/home/node/app/src/shared/infra/config.ts": {"path":"/home/node/app/src/shared/infra/config.ts","statementMap":{"0":{"start":{"line":4,"column":13},"end":{"line":4,"column":null}},"1":{"start":{"line":1,"column":34},"end":{"line":1,"column":null}},"2":{"start":{"line":2,"column":21},"end":{"line":2,"column":null}},"3":{"start":{"line":5,"column":20},"end":{"line":5,"column":25}},"4":{"start":{"line":8,"column":4},"end":{"line":8,"column":null}},"5":{"start":{"line":10,"column":4},"end":{"line":14,"column":null}},"6":{"start":{"line":18,"column":4},"end":{"line":20,"column":null}},"7":{"start":{"line":19,"column":6},"end":{"line":19,"column":null}},"8":{"start":{"line":22,"column":4},"end":{"line":24,"column":null}}},"fnMap":{"0":{"name":"(anonymous_1)","decl":{"start":{"line":7,"column":2},"end":{"line":7,"column":9}},"loc":{"start":{"line":7,"column":14},"end":{"line":15,"column":null}}},"1":{"name":"(anonymous_2)","decl":{"start":{"line":17,"column":2},"end":{"line":17,"column":9}},"loc":{"start":{"line":17,"column":19},"end":{"line":25,"column":null}}}},"branchMap":{"0":{"loc":{"start":{"line":18,"column":4},"end":{"line":20,"column":null}},"type":"if","locations":[{"start":{"line":18,"column":4},"end":{"line":20,"column":null}},{"start":{},"end":{}}]}},"s":{"0":9,"1":8,"2":8,"3":8,"4":9,"5":9,"6":9,"7":1,"8":8},"f":{"0":9,"1":9},"b":{"0":[1,8]}}
,"/home/node/app/src/shared/infra/db/in-memory/in-memory.repository.ts": {"path":"/home/node/app/src/shared/infra/db/in-memory/in-memory.repository.ts","statementMap":{"0":{"start":{"line":8,"column":22},"end":{"line":8,"column":null}},"1":{"start":{"line":47,"column":22},"end":{"line":47,"column":null}},"2":{"start":{"line":2,"column":30},"end":{"line":2,"column":null}},"3":{"start":{"line":5,"column":29},"end":{"line":5,"column":null}},"4":{"start":{"line":9,"column":17},"end":{"line":9,"column":19}},"5":{"start":{"line":12,"column":8},"end":{"line":12,"column":null}},"6":{"start":{"line":15,"column":8},"end":{"line":15,"column":null}},"7":{"start":{"line":19,"column":27},"end":{"line":19,"column":null}},"8":{"start":{"line":19,"column":58},"end":{"line":19,"column":null}},"9":{"start":{"line":20,"column":8},"end":{"line":20,"column":null}},"10":{"start":{"line":20,"column":31},"end":{"line":20,"column":null}},"11":{"start":{"line":21,"column":8},"end":{"line":21,"column":null}},"12":{"start":{"line":25,"column":27},"end":{"line":26,"column":null}},"13":{"start":{"line":26,"column":12},"end":{"line":26,"column":null}},"14":{"start":{"line":28,"column":8},"end":{"line":30,"column":null}},"15":{"start":{"line":29,"column":12},"end":{"line":29,"column":null}},"16":{"start":{"line":31,"column":8},"end":{"line":31,"column":null}},"17":{"start":{"line":35,"column":21},"end":{"line":35,"column":null}},"18":{"start":{"line":35,"column":47},"end":{"line":35,"column":null}},"19":{"start":{"line":36,"column":8},"end":{"line":36,"column":null}},"20":{"start":{"line":40,"column":8},"end":{"line":40,"column":null}},"21":{"start":{"line":55,"column":29},"end":{"line":55,"column":31}},"22":{"start":{"line":57,"column":26},"end":{"line":57,"column":null}},"23":{"start":{"line":58,"column":24},"end":{"line":61,"column":null}},"24":{"start":{"line":63,"column":27},"end":{"line":66,"column":null}},"25":{"start":{"line":68,"column":4},"end":{"line":73,"column":null}},"26":{"start":{"line":86,"column":18},"end":{"line":86,"column":41}},"27":{"start":{"line":87,"column":18},"end":{"line":87,"column":36}},"28":{"start":{"line":88,"column":4},"end":{"line":88,"column":null}},"29":{"start":{"line":97,"column":4},"end":{"line":99,"column":null}},"30":{"start":{"line":98,"column":6},"end":{"line":98,"column":null}},"31":{"start":{"line":101,"column":4},"end":{"line":115,"column":null}},"32":{"start":{"line":103,"column":21},"end":{"line":103,"column":69}},"33":{"start":{"line":105,"column":21},"end":{"line":105,"column":69}},"34":{"start":{"line":106,"column":6},"end":{"line":108,"column":null}},"35":{"start":{"line":107,"column":8},"end":{"line":107,"column":null}},"36":{"start":{"line":110,"column":6},"end":{"line":112,"column":null}},"37":{"start":{"line":111,"column":8},"end":{"line":111,"column":null}},"38":{"start":{"line":114,"column":6},"end":{"line":114,"column":null}}},"fnMap":{"0":{"name":"(anonymous_3)","decl":{"start":{"line":11,"column":4},"end":{"line":11,"column":10}},"loc":{"start":{"line":11,"column":43},"end":{"line":13,"column":null}}},"1":{"name":"(anonymous_4)","decl":{"start":{"line":14,"column":4},"end":{"line":14,"column":10}},"loc":{"start":{"line":14,"column":51},"end":{"line":16,"column":null}}},"2":{"name":"(anonymous_5)","decl":{"start":{"line":18,"column":4},"end":{"line":18,"column":10}},"loc":{"start":{"line":18,"column":43},"end":{"line":22,"column":null}}},"3":{"name":"(anonymous_6)","decl":{"start":{"line":19,"column":48},"end":{"line":19,"column":49}},"loc":{"start":{"line":19,"column":58},"end":{"line":19,"column":null}}},"4":{"name":"(anonymous_7)","decl":{"start":{"line":24,"column":4},"end":{"line":24,"column":10}},"loc":{"start":{"line":24,"column":53},"end":{"line":32,"column":null}}},"5":{"name":"(anonymous_8)","decl":{"start":{"line":25,"column":48},"end":{"line":25,"column":49}},"loc":{"start":{"line":26,"column":12},"end":{"line":26,"column":null}}},"6":{"name":"(anonymous_9)","decl":{"start":{"line":34,"column":4},"end":{"line":34,"column":10}},"loc":{"start":{"line":34,"column":59},"end":{"line":37,"column":null}}},"7":{"name":"(anonymous_10)","decl":{"start":{"line":35,"column":37},"end":{"line":35,"column":38}},"loc":{"start":{"line":35,"column":47},"end":{"line":35,"column":null}}},"8":{"name":"(anonymous_11)","decl":{"start":{"line":39,"column":4},"end":{"line":39,"column":10}},"loc":{"start":{"line":39,"column":34},"end":{"line":41,"column":null}}},"9":{"name":"(anonymous_12)","decl":{"start":{"line":56,"column":2},"end":{"line":56,"column":8}},"loc":{"start":{"line":56,"column":70},"end":{"line":74,"column":null}}},"10":{"name":"(anonymous_13)","decl":{"start":{"line":81,"column":12},"end":{"line":81,"column":null}},"loc":{"start":{"line":85,"column":4},"end":{"line":89,"column":null}}},"11":{"name":"(anonymous_14)","decl":{"start":{"line":91,"column":12},"end":{"line":91,"column":null}},"loc":{"start":{"line":96,"column":4},"end":{"line":116,"column":null}}},"12":{"name":"(anonymous_15)","decl":{"start":{"line":101,"column":27},"end":{"line":101,"column":28}},"loc":{"start":{"line":101,"column":31},"end":{"line":115,"column":null}}}},"branchMap":{"0":{"loc":{"start":{"line":20,"column":8},"end":{"line":20,"column":null}},"type":"if","locations":[{"start":{"line":20,"column":8},"end":{"line":20,"column":null}},{"start":{},"end":{}}]},"1":{"loc":{"start":{"line":28,"column":8},"end":{"line":30,"column":null}},"type":"if","locations":[{"start":{"line":28,"column":8},"end":{"line":30,"column":null}},{"start":{},"end":{}}]},"2":{"loc":{"start":{"line":36,"column":15},"end":{"line":36,"column":null}},"type":"cond-expr","locations":[{"start":{"line":36,"column":45},"end":{"line":36,"column":52}},{"start":{"line":36,"column":52},"end":{"line":36,"column":null}}]},"3":{"loc":{"start":{"line":97,"column":4},"end":{"line":99,"column":null}},"type":"if","locations":[{"start":{"line":97,"column":4},"end":{"line":99,"column":null}},{"start":{},"end":{}}]},"4":{"loc":{"start":{"line":97,"column":8},"end":{"line":97,"column":54}},"type":"binary-expr","locations":[{"start":{"line":97,"column":8},"end":{"line":97,"column":17}},{"start":{"line":97,"column":17},"end":{"line":97,"column":54}}]},"5":{"loc":{"start":{"line":103,"column":21},"end":{"line":103,"column":69}},"type":"cond-expr","locations":[{"start":{"line":103,"column":37},"end":{"line":103,"column":62}},{"start":{"line":103,"column":62},"end":{"line":103,"column":69}}]},"6":{"loc":{"start":{"line":105,"column":21},"end":{"line":105,"column":69}},"type":"cond-expr","locations":[{"start":{"line":105,"column":37},"end":{"line":105,"column":62}},{"start":{"line":105,"column":62},"end":{"line":105,"column":69}}]},"7":{"loc":{"start":{"line":106,"column":6},"end":{"line":108,"column":null}},"type":"if","locations":[{"start":{"line":106,"column":6},"end":{"line":108,"column":null}},{"start":{},"end":{}}]},"8":{"loc":{"start":{"line":107,"column":15},"end":{"line":107,"column":null}},"type":"cond-expr","locations":[{"start":{"line":107,"column":36},"end":{"line":107,"column":41}},{"start":{"line":107,"column":41},"end":{"line":107,"column":null}}]},"9":{"loc":{"start":{"line":110,"column":6},"end":{"line":112,"column":null}},"type":"if","locations":[{"start":{"line":110,"column":6},"end":{"line":112,"column":null}},{"start":{},"end":{}}]},"10":{"loc":{"start":{"line":111,"column":15},"end":{"line":111,"column":null}},"type":"cond-expr","locations":[{"start":{"line":111,"column":36},"end":{"line":111,"column":40}},{"start":{"line":111,"column":40},"end":{"line":111,"column":null}}]}},"s":{"0":2,"1":7,"2":9,"3":9,"4":42,"5":10,"6":2,"7":11,"8":9,"9":11,"10":2,"11":9,"12":8,"13":3,"14":8,"15":5,"16":3,"17":11,"18":9,"19":11,"20":2,"21":28,"22":13,"23":13,"24":13,"25":13,"26":17,"27":17,"28":17,"29":20,"30":5,"31":15,"32":64,"33":64,"34":64,"35":24,"36":40,"37":40,"38":0},"f":{"0":10,"1":2,"2":11,"3":9,"4":8,"5":3,"6":11,"7":9,"8":2,"9":13,"10":17,"11":20,"12":64},"b":{"0":[2,9],"1":[5,3],"2":[2,9],"3":[5,15],"4":[20,16],"5":[0,64],"6":[0,64],"7":[24,40],"8":[15,9],"9":[40,0],"10":[20,20]}}
,"/home/node/app/src/shared/infra/testing/helpers.ts": {"path":"/home/node/app/src/shared/infra/testing/helpers.ts","statementMap":{"0":{"start":{"line":4,"column":16},"end":{"line":4,"column":31}},"1":{"start":{"line":1,"column":44},"end":{"line":1,"column":null}},"2":{"start":{"line":2,"column":23},"end":{"line":2,"column":null}},"3":{"start":{"line":7,"column":2},"end":{"line":12,"column":null}},"4":{"start":{"line":8,"column":4},"end":{"line":11,"column":null}},"5":{"start":{"line":14,"column":2},"end":{"line":14,"column":null}},"6":{"start":{"line":14,"column":25},"end":{"line":14,"column":null}},"7":{"start":{"line":16,"column":2},"end":{"line":16,"column":null}},"8":{"start":{"line":16,"column":23},"end":{"line":16,"column":null}},"9":{"start":{"line":18,"column":2},"end":{"line":22,"column":null}},"10":{"start":{"line":20,"column":6},"end":{"line":20,"column":null}}},"fnMap":{"0":{"name":"setupSequelize","decl":{"start":{"line":4,"column":16},"end":{"line":4,"column":31}},"loc":{"start":{"line":4,"column":61},"end":{"line":23,"column":null}}},"1":{"name":"(anonymous_2)","decl":{"start":{"line":7,"column":12},"end":{"line":7,"column":null}},"loc":{"start":{"line":7,"column":12},"end":{"line":12,"column":null}}},"2":{"name":"(anonymous_3)","decl":{"start":{"line":14,"column":13},"end":{"line":14,"column":25}},"loc":{"start":{"line":14,"column":25},"end":{"line":14,"column":null}}},"3":{"name":"(anonymous_4)","decl":{"start":{"line":16,"column":11},"end":{"line":16,"column":23}},"loc":{"start":{"line":16,"column":23},"end":{"line":16,"column":null}}},"4":{"name":"(anonymous_5)","decl":{"start":{"line":19,"column":4},"end":{"line":19,"column":8}},"loc":{"start":{"line":19,"column":20},"end":{"line":21,"column":null}}}},"branchMap":{"0":{"loc":{"start":{"line":4,"column":31},"end":{"line":4,"column":61}},"type":"default-arg","locations":[{"start":{"line":4,"column":59},"end":{"line":4,"column":61}}]}},"s":{"0":7,"1":7,"2":7,"3":7,"4":7,"5":7,"6":24,"7":7,"8":7,"9":7,"10":0},"f":{"0":7,"1":7,"2":24,"3":7,"4":0},"b":{"0":[0]}}
}
