TN:
SF:src/category/application/use-cases/common/category-output.ts
FN:12,(anonymous_1)
FNF:1
FNH:1
FNDA:53,(anonymous_1)
DA:11,47
DA:13,53
DA:14,53
LF:3
LH:3
BRF:0
BRH:0
end_of_record
TN:
SF:src/category/application/use-cases/create-category/create-category.use-case.ts
FN:11,(anonymous_1)
FN:13,(anonymous_2)
FNF:2
FNH:2
FNDA:3,(anonymous_1)
FNDA:7,(anonymous_2)
DA:2,2
DA:3,2
DA:5,2
DA:8,3
DA:11,3
DA:14,7
DA:16,7
DA:17,1
DA:20,6
DA:22,6
LF:10
LH:10
BRDA:16,0,0,1
BRDA:16,0,1,6
BRF:2
BRH:2
end_of_record
TN:
SF:src/category/application/use-cases/delete-category/delete-category.use-case.ts
FN:8,(anonymous_1)
FN:10,(anonymous_2)
FNF:2
FNH:2
FNDA:4,(anonymous_1)
FNDA:5,(anonymous_2)
DA:2,2
DA:5,4
DA:8,4
DA:11,5
DA:12,4
LF:5
LH:5
BRF:0
BRH:0
end_of_record
TN:
SF:src/category/application/use-cases/get-category/get-category.use-case.ts
FN:11,(anonymous_1)
FN:13,(anonymous_2)
FNF:2
FNH:2
FNDA:4,(anonymous_1)
FNDA:5,(anonymous_2)
DA:2,2
DA:3,2
DA:4,2
DA:6,2
DA:8,4
DA:11,4
DA:14,5
DA:15,4
DA:16,4
DA:17,2
DA:20,2
LF:11
LH:11
BRDA:16,0,0,2
BRDA:16,0,1,2
BRF:2
BRH:2
end_of_record
TN:
SF:src/category/application/use-cases/list-categories/list-categories.use-case.ts
FN:18,(anonymous_1)
FN:20,(anonymous_2)
FN:26,(anonymous_3)
FN:28,(anonymous_4)
FNF:4
FNH:4
FNDA:5,(anonymous_1)
FNDA:8,(anonymous_2)
FNDA:10,(anonymous_3)
FNDA:15,(anonymous_4)
DA:4,2
DA:12,2
DA:13,2
DA:15,5
DA:18,5
DA:21,8
DA:22,8
DA:23,8
DA:27,10
DA:28,10
DA:29,15
DA:31,10
LF:12
LH:12
BRF:0
BRH:0
end_of_record
TN:
SF:src/category/application/use-cases/update-category/update-category.use-case.ts
FN:13,(anonymous_1)
FN:15,(anonymous_2)
FNF:2
FNH:2
FNDA:5,(anonymous_1)
FNDA:18,(anonymous_2)
DA:2,2
DA:3,2
DA:4,2
DA:5,2
DA:7,2
DA:10,5
DA:13,5
DA:16,18
DA:17,17
DA:19,17
DA:20,2
DA:23,15
DA:25,15
DA:26,4
DA:29,15
DA:30,2
DA:33,15
DA:34,4
DA:37,15
DA:38,1
DA:41,14
DA:43,14
LF:22
LH:22
BRDA:19,0,0,2
BRDA:19,0,1,15
BRDA:23,1,0,15
BRDA:23,1,1,15
BRDA:25,2,0,4
BRDA:25,2,1,11
BRDA:29,3,0,2
BRDA:29,3,1,13
BRDA:33,4,0,4
BRDA:33,4,1,11
BRDA:37,5,0,1
BRDA:37,5,1,14
BRF:12
BRH:12
end_of_record
TN:
SF:src/category/domain/category-fake.builder.ts
FN:11,(anonymous_1)
FN:13,(anonymous_2)
FN:16,(anonymous_3)
FN:22,(anonymous_4)
FN:26,(anonymous_5)
FN:32,(anonymous_6)
FN:37,(anonymous_7)
FN:42,(anonymous_8)
FN:47,(anonymous_9)
FN:52,(anonymous_10)
FN:57,(anonymous_11)
FN:62,(anonymous_12)
FN:67,(anonymous_13)
FN:72,(anonymous_14)
FN:75,(anonymous_15)
FN:93,(anonymous_16)
FN:97,(anonymous_17)
FN:101,(anonymous_18)
FN:105,(anonymous_19)
FN:109,(anonymous_20)
FN:113,(anonymous_21)
FN:124,(anonymous_22)
FNF:22
FNH:22
FNDA:28,(anonymous_1)
FNDA:42,(anonymous_2)
FNDA:77,(anonymous_3)
FNDA:29,(anonymous_4)
FNDA:8,(anonymous_5)
FNDA:37,(anonymous_6)
FNDA:6,(anonymous_7)
FNDA:22,(anonymous_8)
FNDA:8,(anonymous_9)
FNDA:1,(anonymous_10)
FNDA:3,(anonymous_11)
FNDA:13,(anonymous_12)
FNDA:2,(anonymous_13)
FNDA:41,(anonymous_14)
FNDA:80,(anonymous_15)
FNDA:2,(anonymous_16)
FNDA:1,(anonymous_17)
FNDA:1,(anonymous_18)
FNDA:2,(anonymous_19)
FNDA:2,(anonymous_20)
FNDA:8,(anonymous_21)
FNDA:300,(anonymous_22)
DA:1,16
DA:2,16
DA:7,44
DA:9,37
DA:11,37
DA:13,37
DA:14,42
DA:16,77
DA:18,37
DA:23,29
DA:27,8
DA:33,37
DA:34,37
DA:38,6
DA:39,6
DA:43,22
DA:44,22
DA:48,8
DA:49,8
DA:53,1
DA:54,1
DA:58,3
DA:59,3
DA:63,13
DA:64,13
DA:68,2
DA:69,2
DA:73,41
DA:76,80
DA:87,80
DA:88,80
DA:90,41
DA:94,2
DA:98,1
DA:102,1
DA:106,2
DA:110,2
DA:114,8
DA:115,8
DA:116,8
DA:117,2
DA:121,6
DA:125,300
LF:43
LH:43
BRDA:32,0,0,29
BRDA:68,1,0,2
BRDA:68,1,1,1
BRDA:77,2,0,70
BRDA:77,2,1,10
BRDA:83,3,0,80
BRDA:83,3,1,44
BRDA:90,4,0,30
BRDA:90,4,1,11
BRDA:116,5,0,2
BRDA:116,5,1,6
BRDA:116,6,0,8
BRDA:116,6,1,3
BRDA:125,7,0,201
BRDA:125,7,1,99
BRF:15
BRH:15
end_of_record
TN:
SF:src/category/domain/category.entity.ts
FN:29,(anonymous_1)
FN:38,(anonymous_2)
FN:42,(anonymous_3)
FN:49,(anonymous_4)
FN:54,(anonymous_5)
FN:58,(anonymous_6)
FN:62,(anonymous_7)
FN:66,(anonymous_8)
FN:71,(anonymous_9)
FN:75,(anonymous_10)
FNF:10
FNH:10
FNDA:194,(anonymous_1)
FNDA:24,(anonymous_2)
FNDA:19,(anonymous_3)
FNDA:18,(anonymous_4)
FNDA:5,(anonymous_5)
FNDA:3,(anonymous_6)
FNDA:5,(anonymous_7)
FNDA:177,(anonymous_8)
FNDA:25,(anonymous_9)
FNDA:106,(anonymous_10)
DA:1,16
DA:4,16
DA:5,16
DA:6,16
DA:22,276
DA:30,194
DA:31,194
DA:32,194
DA:33,194
DA:34,194
DA:35,194
DA:39,24
DA:43,19
DA:45,19
DA:46,19
DA:50,18
DA:51,18
DA:55,5
DA:59,3
DA:63,5
DA:67,177
DA:68,177
DA:72,25
DA:76,106
LF:24
LH:24
BRDA:31,0,0,194
BRDA:31,0,1,123
BRDA:33,1,0,194
BRDA:33,1,1,100
BRDA:34,2,0,194
BRDA:34,2,1,44
BRDA:35,3,0,194
BRDA:35,3,1,83
BRF:8
BRH:8
end_of_record
TN:
SF:src/category/domain/category.repository.ts
FNF:0
FNH:0
DA:2,7
DA:3,7
DA:10,18
DA:12,25
LF:4
LH:4
BRF:0
BRH:0
end_of_record
TN:
SF:src/category/domain/category.validator.ts
FN:13,(anonymous_6)
FN:19,(anonymous_7)
FN:26,(anonymous_8)
FNF:3
FNH:3
FNDA:177,(anonymous_6)
FNDA:177,(anonymous_7)
FNDA:177,(anonymous_8)
DA:3,16
DA:5,16
DA:9,0
DA:14,177
DA:18,0
DA:20,177
DA:21,177
DA:25,177
DA:27,177
LF:9
LH:7
BRDA:20,0,0,37
BRDA:20,0,1,140
BRF:2
BRH:2
end_of_record
TN:
SF:src/category/infra/db/in-memory/category-in-memory.repository.ts
FN:13,(anonymous_1)
FN:21,(anonymous_2)
FN:25,(anonymous_3)
FN:29,(anonymous_4)
FNF:4
FNH:4
FNDA:6,(anonymous_1)
FNDA:18,(anonymous_2)
FNDA:1,(anonymous_3)
FNDA:7,(anonymous_4)
DA:3,6
DA:4,6
DA:7,16
DA:11,16
DA:17,6
DA:18,2
DA:21,4
DA:22,18
DA:26,1
DA:34,7
LF:10
LH:10
BRDA:17,0,0,2
BRDA:17,0,1,4
BRDA:34,1,0,5
BRDA:34,1,1,2
BRF:4
BRH:4
end_of_record
TN:
SF:src/category/infra/db/sequelize/category-model-mapper.ts
FN:7,(anonymous_1)
FN:17,(anonymous_2)
FNF:2
FNH:2
FNDA:62,(anonymous_1)
FNDA:60,(anonymous_2)
DA:1,7
DA:2,7
DA:3,7
DA:4,7
DA:6,123
DA:8,62
DA:18,60
DA:26,60
DA:27,60
DA:28,1
DA:30,59
LF:11
LH:11
BRDA:27,0,0,1
BRDA:27,0,1,59
BRF:2
BRH:2
end_of_record
TN:
SF:src/category/infra/db/sequelize/category-sequelize.repository.ts
FN:16,(anonymous_1)
FN:18,(anonymous_2)
FN:23,(anonymous_3)
FN:24,(anonymous_4)
FN:30,(anonymous_5)
FN:42,(anonymous_6)
FN:51,(anonymous_7)
FN:57,(anonymous_8)
FN:61,(anonymous_9)
FN:63,(anonymous_10)
FN:68,(anonymous_11)
FN:84,(anonymous_12)
FN:93,(anonymous_13)
FNF:13
FNH:13
FNDA:22,(anonymous_1)
FNDA:12,(anonymous_2)
FNDA:7,(anonymous_3)
FNDA:42,(anonymous_4)
FNDA:9,(anonymous_5)
FNDA:4,(anonymous_6)
FNDA:26,(anonymous_7)
FNDA:39,(anonymous_8)
FNDA:1,(anonymous_9)
FNDA:1,(anonymous_10)
FNDA:14,(anonymous_11)
FNDA:36,(anonymous_12)
FNDA:3,(anonymous_13)
DA:1,6
DA:2,6
DA:4,6
DA:9,6
DA:11,6
DA:13,22
DA:14,22
DA:16,22
DA:19,12
DA:20,12
DA:24,7
DA:25,42
DA:27,7
DA:31,9
DA:32,9
DA:33,9
DA:34,1
DA:36,8
DA:37,8
DA:43,4
DA:44,4
DA:45,4
DA:46,2
DA:48,2
DA:52,26
DA:54,26
DA:58,39
DA:62,1
DA:63,1
DA:64,1
DA:69,14
DA:70,14
DA:71,14
DA:83,14
DA:85,36
DA:94,3
LF:36
LH:36
BRDA:33,0,0,1
BRDA:33,0,1,8
BRDA:45,1,0,2
BRDA:45,1,1,2
BRDA:54,2,0,21
BRDA:54,2,1,5
BRDA:72,3,0,14
BRDA:72,3,1,7
BRDA:77,4,0,9
BRDA:77,4,1,5
BRDA:77,5,0,14
BRDA:77,5,1,9
BRDA:78,6,0,9
BRDA:78,6,1,0
BRF:14
BRH:13
end_of_record
TN:
SF:src/category/infra/db/sequelize/category.model.ts
FNF:0
FNH:0
DA:7,8
DA:18,98
LF:2
LH:2
BRF:0
BRH:0
end_of_record
TN:
SF:src/shared/application/pagination-output.ts
FN:12,(anonymous_1)
FNF:1
FNH:1
FNDA:10,(anonymous_1)
DA:11,10
DA:16,10
LF:2
LH:2
BRF:0
BRH:0
end_of_record
TN:
SF:src/shared/domain/entity.ts
FNF:0
FNH:0
DA:1,19
DA:4,19
DA:6,239
LF:3
LH:3
BRF:0
BRH:0
end_of_record
TN:
SF:src/shared/domain/value-object.ts
FN:4,(anonymous_2)
FNF:1
FNH:1
FNDA:31,(anonymous_2)
DA:1,23
DA:3,47
DA:5,31
DA:6,6
DA:8,25
DA:9,0
DA:11,25
LF:7
LH:6
BRDA:5,0,0,6
BRDA:5,0,1,25
BRDA:5,1,0,31
BRDA:5,1,1,28
BRDA:8,2,0,0
BRDA:8,2,1,25
BRF:6
BRH:5
end_of_record
TN:
SF:src/shared/domain/errors/not-found.error.ts
FN:4,(anonymous_1)
FNF:1
FNH:1
FNDA:28,(anonymous_1)
DA:3,28
DA:8,28
DA:9,28
DA:10,28
LF:4
LH:4
BRDA:8,0,0,0
BRDA:8,0,1,28
BRF:2
BRH:1
end_of_record
TN:
SF:src/shared/domain/repository/search-params.ts
FN:20,(anonymous_1)
FN:29,(anonymous_2)
FN:33,(anonymous_3)
FN:43,(anonymous_4)
FN:47,(anonymous_5)
FN:61,(anonymous_6)
FN:65,(anonymous_7)
FN:70,(anonymous_8)
FN:74,(anonymous_9)
FN:83,(anonymous_10)
FN:87,(anonymous_11)
FNF:11
FNH:11
FNDA:89,(anonymous_1)
FNDA:67,(anonymous_2)
FNDA:89,(anonymous_3)
FNDA:82,(anonymous_4)
FNDA:89,(anonymous_5)
FNDA:145,(anonymous_6)
FNDA:89,(anonymous_7)
FNDA:35,(anonymous_8)
FNDA:89,(anonymous_9)
FNDA:45,(anonymous_10)
FNDA:89,(anonymous_11)
DA:1,9
DA:13,78
DA:15,89
DA:21,89
DA:22,89
DA:23,89
DA:24,89
DA:25,89
DA:26,89
DA:30,67
DA:34,89
DA:36,89
DA:37,7
DA:40,89
DA:44,82
DA:48,89
DA:50,89
DA:55,7
DA:58,89
DA:62,145
DA:66,89
DA:71,35
DA:75,89
DA:76,55
DA:77,55
DA:79,34
DA:80,34
DA:84,45
DA:88,89
LF:29
LH:29
BRDA:20,0,0,8
BRDA:22,1,0,89
BRDA:22,1,1,57
BRDA:23,2,0,89
BRDA:23,2,1,56
BRDA:24,3,0,89
BRDA:24,3,1,53
BRDA:25,4,0,89
BRDA:25,4,1,76
BRDA:26,5,0,89
BRDA:26,5,1,67
BRDA:36,6,0,7
BRDA:36,6,1,82
BRDA:36,7,0,89
BRDA:36,7,1,87
BRDA:36,7,2,83
BRDA:48,8,0,1
BRDA:48,8,1,88
BRDA:50,9,0,7
BRDA:50,9,1,82
BRDA:51,10,0,89
BRDA:51,10,1,87
BRDA:51,10,2,83
BRDA:67,11,0,55
BRDA:67,11,1,34
BRDA:67,12,0,89
BRDA:67,12,1,36
BRDA:67,12,2,36
BRDA:75,13,0,55
BRDA:75,13,1,34
BRDA:80,14,0,24
BRDA:80,14,1,10
BRDA:80,15,0,34
BRDA:80,15,1,32
BRDA:89,16,0,68
BRDA:89,16,1,21
BRDA:89,17,0,89
BRDA:89,17,1,22
BRDA:89,17,2,22
BRF:39
BRH:39
end_of_record
TN:
SF:src/shared/domain/repository/search-result.ts
FN:18,(anonymous_1)
FN:27,(anonymous_2)
FN:30,(anonymous_3)
FNF:3
FNH:3
FNDA:50,(anonymous_1)
FNDA:23,(anonymous_2)
FNDA:36,(anonymous_3)
DA:2,16
DA:11,33
DA:19,50
DA:20,50
DA:21,50
DA:22,50
DA:23,50
DA:24,50
DA:28,23
DA:30,36
LF:10
LH:10
BRDA:27,0,0,3
BRDA:29,1,0,20
BRDA:29,1,1,3
BRF:3
BRH:3
end_of_record
TN:
SF:src/shared/domain/validators/class-validator-fields.ts
FN:6,(anonymous_1)
FN:13,(anonymous_2)
FNF:2
FNH:2
FNDA:177,(anonymous_1)
FNDA:5,(anonymous_2)
DA:1,16
DA:5,16
DA:7,177
DA:10,177
DA:11,5
DA:12,5
DA:13,5
DA:14,5
DA:18,177
LF:9
LH:9
BRDA:10,0,0,5
BRDA:10,0,1,172
BRF:2
BRH:2
end_of_record
TN:
SF:src/shared/domain/validators/notification.ts
FN:4,(anonymous_1)
FN:14,(anonymous_2)
FN:19,(anonymous_3)
FN:28,(anonymous_4)
FN:32,(anonymous_5)
FN:33,(anonymous_6)
FN:38,(anonymous_7)
FN:40,(anonymous_8)
FNF:8
FNH:4
FNDA:5,(anonymous_1)
FNDA:0,(anonymous_2)
FNDA:0,(anonymous_3)
FNDA:91,(anonymous_4)
FNDA:0,(anonymous_5)
FNDA:0,(anonymous_6)
FNDA:3,(anonymous_7)
FNDA:3,(anonymous_8)
DA:1,239
DA:2,239
DA:5,5
DA:6,5
DA:7,5
DA:8,5
DA:10,0
DA:15,0
DA:16,0
DA:18,0
DA:19,0
DA:20,0
DA:22,0
DA:24,0
DA:29,91
DA:33,0
DA:34,0
DA:39,3
DA:40,3
DA:41,3
DA:42,0
DA:44,3
DA:47,3
LF:23
LH:12
BRDA:5,0,0,5
BRDA:5,0,1,0
BRDA:6,1,0,5
BRDA:6,1,1,5
BRDA:7,2,0,5
BRDA:7,2,1,5
BRDA:15,3,0,0
BRDA:15,3,1,0
BRDA:16,4,0,0
BRDA:16,4,1,0
BRDA:18,5,0,0
BRDA:18,5,1,0
BRDA:41,6,0,0
BRDA:41,6,1,3
BRF:14
BRH:6
end_of_record
TN:
SF:src/shared/domain/validators/validation.error.ts
FN:6,(anonymous_3)
FN:10,(anonymous_4)
FNF:2
FNH:1
FNDA:3,(anonymous_3)
FNDA:0,(anonymous_4)
DA:3,0
DA:5,4
DA:7,3
DA:11,0
LF:4
LH:2
BRDA:6,0,0,3
BRF:1
BRH:1
end_of_record
TN:
SF:src/shared/domain/value-objects/uuid.vo.ts
FN:7,(anonymous_3)
FN:13,(anonymous_4)
FN:20,(anonymous_5)
FN:26,(anonymous_6)
FNF:4
FNH:4
FNDA:286,(anonymous_3)
FNDA:286,(anonymous_4)
FNDA:9,(anonymous_5)
FNDA:7,(anonymous_6)
DA:1,20
DA:2,20
DA:4,301
DA:8,286
DA:9,286
DA:10,286
DA:14,286
DA:15,286
DA:16,4
DA:21,9
DA:25,4
DA:27,7
DA:28,7
LF:13
LH:13
BRDA:9,0,0,286
BRDA:9,0,1,183
BRDA:15,1,0,4
BRDA:15,1,1,282
BRDA:27,2,0,7
BRDA:27,2,1,7
BRF:6
BRH:6
end_of_record
TN:
SF:src/shared/infra/config.ts
FN:7,(anonymous_1)
FN:17,(anonymous_2)
FNF:2
FNH:2
FNDA:9,(anonymous_1)
FNDA:9,(anonymous_2)
DA:1,8
DA:2,8
DA:4,9
DA:5,8
DA:8,9
DA:10,9
DA:18,9
DA:19,1
DA:22,8
LF:9
LH:9
BRDA:18,0,0,1
BRDA:18,0,1,8
BRF:2
BRH:2
end_of_record
TN:
SF:src/shared/infra/db/in-memory/in-memory.repository.ts
FN:11,(anonymous_3)
FN:14,(anonymous_4)
FN:18,(anonymous_5)
FN:19,(anonymous_6)
FN:24,(anonymous_7)
FN:25,(anonymous_8)
FN:34,(anonymous_9)
FN:35,(anonymous_10)
FN:39,(anonymous_11)
FN:56,(anonymous_12)
FN:81,(anonymous_13)
FN:91,(anonymous_14)
FN:101,(anonymous_15)
FNF:13
FNH:13
FNDA:10,(anonymous_3)
FNDA:2,(anonymous_4)
FNDA:11,(anonymous_5)
FNDA:9,(anonymous_6)
FNDA:8,(anonymous_7)
FNDA:3,(anonymous_8)
FNDA:11,(anonymous_9)
FNDA:9,(anonymous_10)
FNDA:2,(anonymous_11)
FNDA:13,(anonymous_12)
FNDA:17,(anonymous_13)
FNDA:20,(anonymous_14)
FNDA:64,(anonymous_15)
DA:2,9
DA:5,9
DA:8,2
DA:9,42
DA:12,10
DA:15,2
DA:19,11
DA:20,11
DA:21,9
DA:25,8
DA:26,3
DA:28,8
DA:29,5
DA:31,3
DA:35,11
DA:36,11
DA:40,2
DA:47,7
DA:55,28
DA:57,13
DA:58,13
DA:63,13
DA:68,13
DA:86,17
DA:87,17
DA:88,17
DA:97,20
DA:98,5
DA:101,15
DA:103,64
DA:105,64
DA:106,64
DA:107,24
DA:110,40
DA:111,40
DA:114,0
LF:36
LH:35
BRDA:20,0,0,2
BRDA:20,0,1,9
BRDA:28,1,0,5
BRDA:28,1,1,3
BRDA:36,2,0,2
BRDA:36,2,1,9
BRDA:97,3,0,5
BRDA:97,3,1,15
BRDA:97,4,0,20
BRDA:97,4,1,16
BRDA:103,5,0,0
BRDA:103,5,1,64
BRDA:105,6,0,0
BRDA:105,6,1,64
BRDA:106,7,0,24
BRDA:106,7,1,40
BRDA:107,8,0,15
BRDA:107,8,1,9
BRDA:110,9,0,40
BRDA:110,9,1,0
BRDA:111,10,0,20
BRDA:111,10,1,20
BRF:22
BRH:19
end_of_record
TN:
SF:src/shared/infra/testing/helpers.ts
FN:4,setupSequelize
FN:7,(anonymous_2)
FN:14,(anonymous_3)
FN:16,(anonymous_4)
FN:19,(anonymous_5)
FNF:5
FNH:4
FNDA:7,setupSequelize
FNDA:7,(anonymous_2)
FNDA:24,(anonymous_3)
FNDA:7,(anonymous_4)
FNDA:0,(anonymous_5)
DA:1,7
DA:2,7
DA:4,7
DA:7,7
DA:8,7
DA:14,24
DA:16,7
DA:18,7
DA:20,0
LF:9
LH:8
BRDA:4,0,0,0
BRF:1
BRH:0
end_of_record
